<?xml version="1.0" encoding="UTF-8"?>
<testsuite xmlns:xsi="http://www.w3.org/2001/XMLSchema-instance" xsi:noNamespaceSchemaLocation="https://maven.apache.org/surefire/maven-surefire-plugin/xsd/surefire-test-report-3.0.xsd" version="3.0" name="com.vsign.backend.BootSmokeTest" time="4.317" tests="1" errors="0" skipped="0" failures="0">
  <properties>
[...]
</properties>
  <testcase name="contextLoads" classname="com.vsign.backend.BootSmokeTest" time="0.289">
    <system-out><![CDATA[13:19:53.311 [main] INFO org.springframework.test.context.support.AnnotationConfigContextLoaderUtils -- Could not detect default configuration classes for test class [com.vsign.backend.BootSmokeTest]: BootSmokeTest does not declare any static, non-private, non-final, nested classes annotated with @Configuration.
13:19:53.373 [main] INFO org.springframework.boot.test.context.SpringBootTestContextBootstrapper -- Found @SpringBootConfiguration com.vsign.backend.VSignBackendApplication for test class com.vsign.backend.BootSmokeTest
  .   ____          _            __ _ _
 /\\ / ___'_ __ _ _(_)_ __  __ _ \ \ \ \
( ( )\___ | '_ | '_| | '_ \/ _` | \ \ \ \
 \\/  ___)| |_)| | | | | || (_| |  ) ) ) )
  '  |____| .__|_| |_|_| |_\__, | / / / /
 =========|_|==============|___/=/_/_/_/

 :: Spring Boot ::                (v3.3.0)

2026-05-23T13:19:53.652+07:00  INFO 27100 --- [v-sign-backend] [           main] com.vsign.backend.BootSmokeTest          : Starting BootSmokeTest using Java 21.0.11 with PID 27100 (started by KHAI in C:\Users\KHAI\Documents\Exe201\source-code\EXE101_Project_V-Sign_BE)
2026-05-23T13:19:53.652+07:00  INFO 27100 --- [v-sign-backend] [           main] com.vsign.backend.BootSmokeTest          : The following 1 profile is active: "test"
2026-05-23T13:19:54.316+07:00  INFO 27100 --- [v-sign-backend] [           main] .s.d.r.c.RepositoryConfigurationDelegate : Bootstrapping Spring Data JPA repositories in DEFAULT mode.
2026-05-23T13:19:54.357+07:00  INFO 27100 --- [v-sign-backend] [           main] .s.d.r.c.RepositoryConfigurationDelegate : Finished Spring Data repository scanning in 38 ms. Found 1 JPA repository interface.
2026-05-23T13:19:54.868+07:00  INFO 27100 --- [v-sign-backend] [           main] com.zaxxer.hikari.HikariDataSource       : HikariPool-1 - Starting...
2026-05-23T13:19:55.003+07:00  INFO 27100 --- [v-sign-backend] [           main] com.zaxxer.hikari.pool.HikariPool        : HikariPool-1 - Added connection conn0: url=jdbc:h2:mem:vsign_test user=SA
2026-05-23T13:19:55.004+07:00  INFO 27100 --- [v-sign-backend] [           main] com.zaxxer.hikari.HikariDataSource       : HikariPool-1 - Start completed.
2026-05-23T13:19:55.040+07:00  INFO 27100 --- [v-sign-backend] [           main] org.flywaydb.core.FlywayExecutor         : Database: jdbc:h2:mem:vsign_test (H2 2.2)
2026-05-23T13:19:55.045+07:00  WARN 27100 --- [v-sign-backend] [           main] o.f.c.internal.database.base.Database    : Flyway upgrade recommended: H2 2.2.224 is newer than this version of Flyway and support has not been tested. The latest supported version of H2 is 2.2.220.
2026-05-23T13:19:55.050+07:00  INFO 27100 --- [v-sign-backend] [           main] o.f.c.i.s.JdbcTableSchemaHistory         : Schema history table "public"."flyway_schema_history" does not exist yet
2026-05-23T13:19:55.050+07:00  INFO 27100 --- [v-sign-backend] [           main] o.f.core.internal.command.DbValidate     : Successfully validated 2 migrations (execution time 00:00.008s)
2026-05-23T13:19:55.062+07:00  INFO 27100 --- [v-sign-backend] [           main] o.f.c.i.s.JdbcTableSchemaHistory         : Creating Schema History table "public"."flyway_schema_history" ...
2026-05-23T13:19:55.089+07:00  INFO 27100 --- [v-sign-backend] [           main] o.f.core.internal.command.DbMigrate      : Current version of schema "public": << Empty Schema >>
2026-05-23T13:19:55.096+07:00  INFO 27100 --- [v-sign-backend] [           main] o.f.core.internal.command.DbMigrate      : Migrating schema "public" to version "1 - init schema"
2026-05-23T13:19:55.107+07:00  INFO 27100 --- [v-sign-backend] [           main] o.f.core.internal.command.DbMigrate      : Migrating schema "public" to version "2 - seed reference data"
2026-05-23T13:19:55.112+07:00  INFO 27100 --- [v-sign-backend] [           main] o.f.core.internal.command.DbMigrate      : Successfully applied 2 migrations to schema "public", now at version v2 (execution time 00:00.005s)
2026-05-23T13:19:55.216+07:00  INFO 27100 --- [v-sign-backend] [           main] o.hibernate.jpa.internal.util.LogHelper  : HHH000204: Processing PersistenceUnitInfo [name: default]
2026-05-23T13:19:55.251+07:00  INFO 27100 --- [v-sign-backend] [           main] org.hibernate.Version                    : HHH000412: Hibernate ORM core version 6.5.2.Final
2026-05-23T13:19:55.282+07:00  INFO 27100 --- [v-sign-backend] [           main] o.h.c.internal.RegionFactoryInitiator    : HHH000026: Second-level cache disabled
2026-05-23T13:19:55.462+07:00  INFO 27100 --- [v-sign-backend] [           main] o.s.o.j.p.SpringPersistenceUnitInfo      : No LoadTimeWeaver setup: ignoring JPA class transformer
2026-05-23T13:19:56.261+07:00  INFO 27100 --- [v-sign-backend] [           main] o.h.e.t.j.p.i.JtaPlatformInitiator       : HHH000489: No JTA platform available (set 'hibernate.transaction.jta.platform' to enable JTA platform integration)
2026-05-23T13:19:56.261+07:00  INFO 27100 --- [v-sign-backend] [           main] j.LocalContainerEntityManagerFactoryBean : Initialized JPA EntityManagerFactory for persistence unit 'default'
2026-05-23T13:19:56.700+07:00  WARN 27100 --- [v-sign-backend] [           main] JpaBaseConfiguration$JpaWebConfiguration : spring.jpa.open-in-view is enabled by default. Therefore, database queries may be performed during view rendering. Explicitly configure spring.jpa.open-in-view to disable this warning
2026-05-23T13:19:56.732+07:00  WARN 27100 --- [v-sign-backend] [           main] .s.s.UserDetailsServiceAutoConfiguration : 

Using generated security password: ffb96925-63d0-45bf-9ff3-498fb741a5ae

This generated password is for development use only. Your security configuration must be updated before running your application in production.

2026-05-23T13:19:56.735+07:00  INFO 27100 --- [v-sign-backend] [           main] r$InitializeUserDetailsManagerConfigurer : Global AuthenticationManager configured with UserDetailsService bean with name inMemoryUserDetailsManager
2026-05-23T13:19:56.920+07:00  INFO 27100 --- [v-sign-backend] [           main] o.s.s.web.DefaultSecurityFilterChain     : Will secure any request with [org.springframework.security.web.session.DisableEncodeUrlFilter@394a7390, org.springframework.security.web.context.request.async.WebAsyncManagerIntegrationFilter@7926d092, org.springframework.security.web.context.SecurityContextHolderFilter@5c21b22e, org.springframework.security.web.header.HeaderWriterFilter@7be9582e, org.springframework.web.filter.CorsFilter@58a93f51, com.vsign.backend.common.security.JwtAuthFilter@7e0393df, org.springframework.security.web.savedrequest.RequestCacheAwareFilter@6527aa0, org.springframework.security.web.servletapi.SecurityContextHolderAwareRequestFilter@30b2d267, org.springframework.security.web.authentication.AnonymousAuthenticationFilter@56589f00, org.springframework.security.web.session.SessionManagementFilter@125ace20, org.springframework.security.web.access.ExceptionTranslationFilter@64d0b8e3, org.springframework.security.web.access.intercept.AuthorizationFilter@282d1023]
2026-05-23T13:19:57.223+07:00  INFO 27100 --- [v-sign-backend] [           main] com.vsign.backend.BootSmokeTest          : Started BootSmokeTest in 3.766 seconds (process running for 4.361)
]]></system-out>
    <system-err><![CDATA[WARNING: A Java agent has been loaded dynamically (C:\Users\KHAI\.m2\repository\net\bytebuddy\byte-buddy-agent\1.14.16\byte-buddy-agent-1.14.16.jar)
WARNING: If a serviceability tool is in use, please run with -XX:+EnableDynamicAgentLoading to hide this warning
WARNING: If a serviceability tool is not in use, please run with -Djdk.instrument.traceUsage for more information
WARNING: Dynamic loading of agents will be disallowed by default in a future release
]]></system-err>
  </testcase>
</testsuite>