<?xml version="1.0" encoding="UTF-8"?>
<testsuite xmlns:xsi="http://www.w3.org/2001/XMLSchema-instance" xsi:noNamespaceSchemaLocation="https://maven.apache.org/surefire/maven-surefire-plugin/xsd/surefire-test-report-3.0.xsd" version="3.0" name="com.vsign.backend.auth.ProfileControllerIT" time="0.358" tests="5" errors="0" skipped="0" failures="0">
  <properties>
[...]
</properties>
  <testcase name="profileUpdateRejectsInvalidAvatarUrl" classname="com.vsign.backend.auth.ProfileControllerIT" time="0.084">
    <system-out><![CDATA[2026-05-23T16:50:15.129+07:00 DEBUG 24468 --- [history-talk-backend] [           main] .b.t.c.SpringBootTestContextBootstrapper : Neither @ContextConfiguration nor @ContextHierarchy found for test class [ProfileControllerIT]: using SpringBootContextLoader
2026-05-23T16:50:15.130+07:00  INFO 24468 --- [history-talk-backend] [           main] t.c.s.AnnotationConfigContextLoaderUtils : Could not detect default configuration classes for test class [com.vsign.backend.auth.ProfileControllerIT]: ProfileControllerIT does not declare any static, non-private, non-final, nested classes annotated with @Configuration.
2026-05-23T16:50:15.131+07:00 DEBUG 24468 --- [history-talk-backend] [           main] .b.t.c.SpringBootTestContextBootstrapper : Using ContextCustomizerFactory implementations for test class [ProfileControllerIT]: [ImportsContextCustomizerFactory, ExcludeFilterContextCustomizerFactory, HttpGraphQlTesterContextCustomizerFactory, DuplicateJsonObjectContextCustomizerFactory, MockitoContextCustomizerFactory, TestRestTemplateContextCustomizerFactory, WebTestClientContextCustomizerFactory, OverrideAutoConfigurationContextCustomizerFactory, ObservabilityContextCustomizerFactory, TypeExcludeFiltersContextCustomizerFactory, PropertyMappingContextCustomizerFactory, WebDriverContextCustomizerFactory, MockServerContainerContextCustomizerFactory, DynamicPropertiesContextCustomizerFactory]
2026-05-23T16:50:15.134+07:00 DEBUG 24468 --- [history-talk-backend] [           main] .b.t.c.SpringBootTestContextBootstrapper : Using ContextCustomizers for test class [ProfileControllerIT]: [ImportsContextCustomizer, ExcludeFilterContextCustomizer, DuplicateJsonObjectContextCustomizer, MockitoContextCustomizer, TestRestTemplateContextCustomizer, DisableObservabilityContextCustomizer, PropertyMappingContextCustomizer, WebDriverContextCustomizer]
2026-05-23T16:50:15.134+07:00  INFO 24468 --- [history-talk-backend] [           main] .b.t.c.SpringBootTestContextBootstrapper : Found @SpringBootConfiguration com.vsign.backend.VSignBackendApplication for test class com.vsign.backend.auth.ProfileControllerIT
2026-05-23T16:50:15.136+07:00 DEBUG 24468 --- [history-talk-backend] [           main] .b.t.c.SpringBootTestContextBootstrapper : Using TestExecutionListeners for test class [ProfileControllerIT]: [ServletTestExecutionListener, DirtiesContextBeforeModesTestExecutionListener, ApplicationEventsTestExecutionListener, MockitoTestExecutionListener, DependencyInjectionTestExecutionListener, DirtiesContextTestExecutionListener, TransactionalTestExecutionListener, SqlScriptsTestExecutionListener, EventPublishingTestExecutionListener, ResetMocksTestExecutionListener, RestDocsTestExecutionListener, MockRestServiceServerResetTestExecutionListener, MockMvcPrintOnlyOnFailureTestExecutionListener, WebDriverTestExecutionListener, MockWebServiceServerTestExecutionListener]
2026-05-23T16:50:15.142+07:00 DEBUG 24468 --- [history-talk-backend] [           main] s.w.s.m.m.a.RequestMappingHandlerMapping : Mapped to com.vsign.backend.auth.controller.AuthController#register(RegisterRequest)
2026-05-23T16:50:15.143+07:00 DEBUG 24468 --- [history-talk-backend] [           main] m.m.a.RequestResponseBodyMethodProcessor : Read "application/json;charset=UTF-8" to [RegisterRequest[email=profile-invalid-avatar@vsign.com, password=Secret123, fullName=Profile Validat (truncated)...]
2026-05-23T16:50:15.145+07:00 DEBUG 24468 --- [history-talk-backend] [           main] org.hibernate.SQL                        : select ue1_0.id from public.users ue1_0 where upper(ue1_0.email)=upper(?) fetch first ? rows only
Hibernate: select ue1_0.id from public.users ue1_0 where upper(ue1_0.email)=upper(?) fetch first ? rows only
2026-05-23T16:50:15.206+07:00 DEBUG 24468 --- [history-talk-backend] [           main] org.hibernate.SQL                        : insert into public.users (account_type,is_active,avatar_url,created_at,current_streak,email,full_name,longest_streak,password_hash,role,total_xp,updated_at,id) values (?,?,?,?,?,?,?,?,?,?,?,?,?)
Hibernate: insert into public.users (account_type,is_active,avatar_url,created_at,current_streak,email,full_name,longest_streak,password_hash,role,total_xp,updated_at,id) values (?,?,?,?,?,?,?,?,?,?,?,?,?)
2026-05-23T16:50:15.207+07:00 DEBUG 24468 --- [history-talk-backend] [           main] m.m.a.RequestResponseBodyMethodProcessor : Using 'application/json', given [*/*] and supported [application/json, application/*+json]
2026-05-23T16:50:15.207+07:00 DEBUG 24468 --- [history-talk-backend] [           main] m.m.a.RequestResponseBodyMethodProcessor : Writing [SuccessResponse[success=true, message=Registration successful, data=AuthResponse[accessToken=eyJhbGc (truncated)...]
2026-05-23T16:50:15.214+07:00 DEBUG 24468 --- [history-talk-backend] [           main] s.w.s.m.m.a.RequestMappingHandlerMapping : Mapped to com.vsign.backend.auth.controller.ProfileController#updateProfile(Principal, UpdateProfileRequest)
2026-05-23T16:50:15.217+07:00 DEBUG 24468 --- [history-talk-backend] [           main] m.m.a.RequestResponseBodyMethodProcessor : Read "application/json;charset=UTF-8" to [UpdateProfileRequest[fullName=Avatar User, avatarUrl=not a url]]
2026-05-23T16:50:15.220+07:00 DEBUG 24468 --- [history-talk-backend] [           main] .m.m.a.ExceptionHandlerExceptionResolver : Using @ExceptionHandler com.vsign.backend.common.exception.ApiExceptionHandler#handleValidation(MethodArgumentNotValidException)
2026-05-23T16:50:15.220+07:00 DEBUG 24468 --- [history-talk-backend] [           main] o.s.w.s.m.m.a.HttpEntityMethodProcessor  : Using 'application/json', given [*/*] and supported [application/json, application/*+json]
2026-05-23T16:50:15.220+07:00 DEBUG 24468 --- [history-talk-backend] [           main] o.s.w.s.m.m.a.HttpEntityMethodProcessor  : Writing [ApiErrorResponse[success=false, status=400, code=VALIDATION_ERROR, message=Validation failed, valida (truncated)...]
2026-05-23T16:50:15.221+07:00 DEBUG 24468 --- [history-talk-backend] [           main] .m.m.a.ExceptionHandlerExceptionResolver : Resolved [org.springframework.web.bind.MethodArgumentNotValidException: Validation failed for argument [1] in public com.vsign.backend.common.response.SuccessResponse<com.vsign.backend.auth.dto.ProfileResponse> com.vsign.backend.auth.controller.ProfileController.updateProfile(com.vsign.backend.common.security.JwtService$Principal,com.vsign.backend.auth.dto.UpdateProfileRequest): [Field error in object 'updateProfileRequest' on field 'avatarUrl': rejected value [not a url]; codes [Pattern.updateProfileRequest.avatarUrl,Pattern.avatarUrl,Pattern.java.lang.String,Pattern]; arguments [org.springframework.context.support.DefaultMessageSourceResolvable: codes [updateProfileRequest.avatarUrl,avatarUrl]; arguments []; default message [avatarUrl],[Ljakarta.validation.constraints.Pattern$Flag;@4eb5cdae,^$|^https?://.+]; default message [Avatar URL must be an HTTP(S) URL]] ]
]]></system-out>
  </testcase>
  <testcase name="profileReturnsAuthenticatedUser" classname="com.vsign.backend.auth.ProfileControllerIT" time="0.083">
    <system-out><![CDATA[2026-05-23T16:50:15.226+07:00 DEBUG 24468 --- [history-talk-backend] [           main] s.w.s.m.m.a.RequestMappingHandlerMapping : Mapped to com.vsign.backend.auth.controller.AuthController#register(RegisterRequest)
2026-05-23T16:50:15.226+07:00 DEBUG 24468 --- [history-talk-backend] [           main] m.m.a.RequestResponseBodyMethodProcessor : Read "application/json;charset=UTF-8" to [RegisterRequest[email=profile-user@vsign.com, password=Secret123, fullName=Profile User]]
2026-05-23T16:50:15.228+07:00 DEBUG 24468 --- [history-talk-backend] [           main] org.hibernate.SQL                        : select ue1_0.id from public.users ue1_0 where upper(ue1_0.email)=upper(?) fetch first ? rows only
Hibernate: select ue1_0.id from public.users ue1_0 where upper(ue1_0.email)=upper(?) fetch first ? rows only
2026-05-23T16:50:15.286+07:00 DEBUG 24468 --- [history-talk-backend] [           main] org.hibernate.SQL                        : insert into public.users (account_type,is_active,avatar_url,created_at,current_streak,email,full_name,longest_streak,password_hash,role,total_xp,updated_at,id) values (?,?,?,?,?,?,?,?,?,?,?,?,?)
Hibernate: insert into public.users (account_type,is_active,avatar_url,created_at,current_streak,email,full_name,longest_streak,password_hash,role,total_xp,updated_at,id) values (?,?,?,?,?,?,?,?,?,?,?,?,?)
2026-05-23T16:50:15.287+07:00 DEBUG 24468 --- [history-talk-backend] [           main] m.m.a.RequestResponseBodyMethodProcessor : Using 'application/json', given [*/*] and supported [application/json, application/*+json]
2026-05-23T16:50:15.287+07:00 DEBUG 24468 --- [history-talk-backend] [           main] m.m.a.RequestResponseBodyMethodProcessor : Writing [SuccessResponse[success=true, message=Registration successful, data=AuthResponse[accessToken=eyJhbGc (truncated)...]
2026-05-23T16:50:15.289+07:00 DEBUG 24468 --- [history-talk-backend] [           main] s.w.s.m.m.a.RequestMappingHandlerMapping : Mapped to com.vsign.backend.auth.controller.ProfileController#getProfile(Principal)
2026-05-23T16:50:15.291+07:00 DEBUG 24468 --- [history-talk-backend] [           main] org.hibernate.SQL                        : select ue1_0.id,ue1_0.account_type,ue1_0.is_active,ue1_0.avatar_url,ue1_0.created_at,ue1_0.current_streak,ue1_0.email,ue1_0.full_name,ue1_0.longest_streak,ue1_0.password_hash,ue1_0.role,ue1_0.total_xp,ue1_0.updated_at from public.users ue1_0 where upper(ue1_0.email)=upper(?)
Hibernate: select ue1_0.id,ue1_0.account_type,ue1_0.is_active,ue1_0.avatar_url,ue1_0.created_at,ue1_0.current_streak,ue1_0.email,ue1_0.full_name,ue1_0.longest_streak,ue1_0.password_hash,ue1_0.role,ue1_0.total_xp,ue1_0.updated_at from public.users ue1_0 where upper(ue1_0.email)=upper(?)
2026-05-23T16:50:15.293+07:00 DEBUG 24468 --- [history-talk-backend] [           main] m.m.a.RequestResponseBodyMethodProcessor : Using 'application/json', given [*/*] and supported [application/json, application/*+json]
2026-05-23T16:50:15.299+07:00 DEBUG 24468 --- [history-talk-backend] [           main] m.m.a.RequestResponseBodyMethodProcessor : Writing [SuccessResponse[success=true, message=Profile loaded, data=ProfileResponse[id=e6b6de30-d258-40bb-a31 (truncated)...]
]]></system-out>
  </testcase>
  <testcase name="profileRequiresBearerToken" classname="com.vsign.backend.auth.ProfileControllerIT" time="0.009"/>
  <testcase name="profileUpdatePersistsFullNameAndAvatarUrl" classname="com.vsign.backend.auth.ProfileControllerIT" time="0.084">
    <system-out><![CDATA[2026-05-23T16:50:15.320+07:00 DEBUG 24468 --- [history-talk-backend] [           main] s.w.s.m.m.a.RequestMappingHandlerMapping : Mapped to com.vsign.backend.auth.controller.AuthController#register(RegisterRequest)
2026-05-23T16:50:15.321+07:00 DEBUG 24468 --- [history-talk-backend] [           main] m.m.a.RequestResponseBodyMethodProcessor : Read "application/json;charset=UTF-8" to [RegisterRequest[email=profile-update-user@vsign.com, password=Secret123, fullName=Before Update]]
2026-05-23T16:50:15.323+07:00 DEBUG 24468 --- [history-talk-backend] [           main] org.hibernate.SQL                        : select ue1_0.id from public.users ue1_0 where upper(ue1_0.email)=upper(?) fetch first ? rows only
Hibernate: select ue1_0.id from public.users ue1_0 where upper(ue1_0.email)=upper(?) fetch first ? rows only
2026-05-23T16:50:15.379+07:00 DEBUG 24468 --- [history-talk-backend] [           main] org.hibernate.SQL                        : insert into public.users (account_type,is_active,avatar_url,created_at,current_streak,email,full_name,longest_streak,password_hash,role,total_xp,updated_at,id) values (?,?,?,?,?,?,?,?,?,?,?,?,?)
Hibernate: insert into public.users (account_type,is_active,avatar_url,created_at,current_streak,email,full_name,longest_streak,password_hash,role,total_xp,updated_at,id) values (?,?,?,?,?,?,?,?,?,?,?,?,?)
2026-05-23T16:50:15.381+07:00 DEBUG 24468 --- [history-talk-backend] [           main] m.m.a.RequestResponseBodyMethodProcessor : Using 'application/json', given [*/*] and supported [application/json, application/*+json]
2026-05-23T16:50:15.381+07:00 DEBUG 24468 --- [history-talk-backend] [           main] m.m.a.RequestResponseBodyMethodProcessor : Writing [SuccessResponse[success=true, message=Registration successful, data=AuthResponse[accessToken=eyJhbGc (truncated)...]
2026-05-23T16:50:15.383+07:00 DEBUG 24468 --- [history-talk-backend] [           main] s.w.s.m.m.a.RequestMappingHandlerMapping : Mapped to com.vsign.backend.auth.controller.ProfileController#updateProfile(Principal, UpdateProfileRequest)
2026-05-23T16:50:15.384+07:00 DEBUG 24468 --- [history-talk-backend] [           main] m.m.a.RequestResponseBodyMethodProcessor : Read "application/json;charset=UTF-8" to [UpdateProfileRequest[fullName=After Update, avatarUrl=https://cdn.vsign.test/avatar.png]]
2026-05-23T16:50:15.386+07:00 DEBUG 24468 --- [history-talk-backend] [           main] org.hibernate.SQL                        : select ue1_0.id,ue1_0.account_type,ue1_0.is_active,ue1_0.avatar_url,ue1_0.created_at,ue1_0.current_streak,ue1_0.email,ue1_0.full_name,ue1_0.longest_streak,ue1_0.password_hash,ue1_0.role,ue1_0.total_xp,ue1_0.updated_at from public.users ue1_0 where upper(ue1_0.email)=upper(?)
Hibernate: select ue1_0.id,ue1_0.account_type,ue1_0.is_active,ue1_0.avatar_url,ue1_0.created_at,ue1_0.current_streak,ue1_0.email,ue1_0.full_name,ue1_0.longest_streak,ue1_0.password_hash,ue1_0.role,ue1_0.total_xp,ue1_0.updated_at from public.users ue1_0 where upper(ue1_0.email)=upper(?)
2026-05-23T16:50:15.391+07:00 DEBUG 24468 --- [history-talk-backend] [           main] org.hibernate.SQL                        : update public.users set account_type=?,is_active=?,avatar_url=?,created_at=?,current_streak=?,email=?,full_name=?,longest_streak=?,password_hash=?,role=?,total_xp=?,updated_at=? where id=?
Hibernate: update public.users set account_type=?,is_active=?,avatar_url=?,created_at=?,current_streak=?,email=?,full_name=?,longest_streak=?,password_hash=?,role=?,total_xp=?,updated_at=? where id=?
2026-05-23T16:50:15.393+07:00 DEBUG 24468 --- [history-talk-backend] [           main] m.m.a.RequestResponseBodyMethodProcessor : Using 'application/json', given [*/*] and supported [application/json, application/*+json]
2026-05-23T16:50:15.394+07:00 DEBUG 24468 --- [history-talk-backend] [           main] m.m.a.RequestResponseBodyMethodProcessor : Writing [SuccessResponse[success=true, message=Profile updated, data=ProfileResponse[id=ffb64fa7-8edc-4edc-84 (truncated)...]
2026-05-23T16:50:15.396+07:00 DEBUG 24468 --- [history-talk-backend] [           main] s.w.s.m.m.a.RequestMappingHandlerMapping : Mapped to com.vsign.backend.auth.controller.ProfileController#getProfile(Principal)
2026-05-23T16:50:15.398+07:00 DEBUG 24468 --- [history-talk-backend] [           main] org.hibernate.SQL                        : select ue1_0.id,ue1_0.account_type,ue1_0.is_active,ue1_0.avatar_url,ue1_0.created_at,ue1_0.current_streak,ue1_0.email,ue1_0.full_name,ue1_0.longest_streak,ue1_0.password_hash,ue1_0.role,ue1_0.total_xp,ue1_0.updated_at from public.users ue1_0 where upper(ue1_0.email)=upper(?)
Hibernate: select ue1_0.id,ue1_0.account_type,ue1_0.is_active,ue1_0.avatar_url,ue1_0.created_at,ue1_0.current_streak,ue1_0.email,ue1_0.full_name,ue1_0.longest_streak,ue1_0.password_hash,ue1_0.role,ue1_0.total_xp,ue1_0.updated_at from public.users ue1_0 where upper(ue1_0.email)=upper(?)
2026-05-23T16:50:15.399+07:00 DEBUG 24468 --- [history-talk-backend] [           main] m.m.a.RequestResponseBodyMethodProcessor : Using 'application/json', given [*/*] and supported [application/json, application/*+json]
2026-05-23T16:50:15.399+07:00 DEBUG 24468 --- [history-talk-backend] [           main] m.m.a.RequestResponseBodyMethodProcessor : Writing [SuccessResponse[success=true, message=Profile loaded, data=ProfileResponse[id=ffb64fa7-8edc-4edc-845 (truncated)...]
]]></system-out>
  </testcase>
  <testcase name="profileUpdateRejectsBlankFullName" classname="com.vsign.backend.auth.ProfileControllerIT" time="0.078">
    <system-out><![CDATA[2026-05-23T16:50:15.408+07:00 DEBUG 24468 --- [history-talk-backend] [           main] s.w.s.m.m.a.RequestMappingHandlerMapping : Mapped to com.vsign.backend.auth.controller.AuthController#register(RegisterRequest)
2026-05-23T16:50:15.408+07:00 DEBUG 24468 --- [history-talk-backend] [           main] m.m.a.RequestResponseBodyMethodProcessor : Read "application/json;charset=UTF-8" to [RegisterRequest[email=profile-blank-name@vsign.com, password=Secret123, fullName=Profile Validation  (truncated)...]
2026-05-23T16:50:15.410+07:00 DEBUG 24468 --- [history-talk-backend] [           main] org.hibernate.SQL                        : select ue1_0.id from public.users ue1_0 where upper(ue1_0.email)=upper(?) fetch first ? rows only
Hibernate: select ue1_0.id from public.users ue1_0 where upper(ue1_0.email)=upper(?) fetch first ? rows only
2026-05-23T16:50:15.465+07:00 DEBUG 24468 --- [history-talk-backend] [           main] org.hibernate.SQL                        : insert into public.users (account_type,is_active,avatar_url,created_at,current_streak,email,full_name,longest_streak,password_hash,role,total_xp,updated_at,id) values (?,?,?,?,?,?,?,?,?,?,?,?,?)
Hibernate: insert into public.users (account_type,is_active,avatar_url,created_at,current_streak,email,full_name,longest_streak,password_hash,role,total_xp,updated_at,id) values (?,?,?,?,?,?,?,?,?,?,?,?,?)
2026-05-23T16:50:15.467+07:00 DEBUG 24468 --- [history-talk-backend] [           main] m.m.a.RequestResponseBodyMethodProcessor : Using 'application/json', given [*/*] and supported [application/json, application/*+json]
2026-05-23T16:50:15.467+07:00 DEBUG 24468 --- [history-talk-backend] [           main] m.m.a.RequestResponseBodyMethodProcessor : Writing [SuccessResponse[success=true, message=Registration successful, data=AuthResponse[accessToken=eyJhbGc (truncated)...]
2026-05-23T16:50:15.469+07:00 DEBUG 24468 --- [history-talk-backend] [           main] s.w.s.m.m.a.RequestMappingHandlerMapping : Mapped to com.vsign.backend.auth.controller.ProfileController#updateProfile(Principal, UpdateProfileRequest)
2026-05-23T16:50:15.471+07:00 DEBUG 24468 --- [history-talk-backend] [           main] m.m.a.RequestResponseBodyMethodProcessor : Read "application/json;charset=UTF-8" to [UpdateProfileRequest[fullName=   , avatarUrl=https://cdn.vsign.test/avatar.png]]
2026-05-23T16:50:15.480+07:00 DEBUG 24468 --- [history-talk-backend] [           main] .m.m.a.ExceptionHandlerExceptionResolver : Using @ExceptionHandler com.vsign.backend.common.exception.ApiExceptionHandler#handleValidation(MethodArgumentNotValidException)
2026-05-23T16:50:15.481+07:00 DEBUG 24468 --- [history-talk-backend] [           main] o.s.w.s.m.m.a.HttpEntityMethodProcessor  : Using 'application/json', given [*/*] and supported [application/json, application/*+json]
2026-05-23T16:50:15.481+07:00 DEBUG 24468 --- [history-talk-backend] [           main] o.s.w.s.m.m.a.HttpEntityMethodProcessor  : Writing [ApiErrorResponse[success=false, status=400, code=VALIDATION_ERROR, message=Validation failed, valida (truncated)...]
2026-05-23T16:50:15.482+07:00 DEBUG 24468 --- [history-talk-backend] [           main] .m.m.a.ExceptionHandlerExceptionResolver : Resolved [org.springframework.web.bind.MethodArgumentNotValidException: Validation failed for argument [1] in public com.vsign.backend.common.response.SuccessResponse<com.vsign.backend.auth.dto.ProfileResponse> com.vsign.backend.auth.controller.ProfileController.updateProfile(com.vsign.backend.common.security.JwtService$Principal,com.vsign.backend.auth.dto.UpdateProfileRequest): [Field error in object 'updateProfileRequest' on field 'fullName': rejected value [   ]; codes [NotBlank.updateProfileRequest.fullName,NotBlank.fullName,NotBlank.java.lang.String,NotBlank]; arguments [org.springframework.context.support.DefaultMessageSourceResolvable: codes [updateProfileRequest.fullName,fullName]; arguments []; default message [fullName]]; default message [must not be blank]] ]
]]></system-out>
  </testcase>
</testsuite>