<?xml version="1.0" encoding="UTF-8"?>
<testsuite xmlns:xsi="http://www.w3.org/2001/XMLSchema-instance" xsi:noNamespaceSchemaLocation="https://maven.apache.org/surefire/maven-surefire-plugin/xsd/surefire-test-report-3.0.xsd" version="3.0" name="com.vsign.backend.dictionary.DictionaryIT" time="0.062" tests="7" errors="0" skipped="0" failures="0">
  <properties>
[...]
</properties>
  <testcase name="rejectsInvalidPagingAndDifficultyFilters" classname="com.vsign.backend.dictionary.DictionaryIT" time="0.008">
    <system-out><![CDATA[2026-05-22T20:48:55.289+07:00  INFO 10300 --- [v-sign-backend] [           main] t.c.s.AnnotationConfigContextLoaderUtils : Could not detect default configuration classes for test class [com.vsign.backend.dictionary.DictionaryIT]: DictionaryIT does not declare any static, non-private, non-final, nested classes annotated with @Configuration.
2026-05-22T20:48:55.298+07:00  INFO 10300 --- [v-sign-backend] [           main] .b.t.c.SpringBootTestContextBootstrapper : Found @SpringBootConfiguration com.vsign.backend.VSignBackendApplication for test class com.vsign.backend.dictionary.DictionaryIT
]]></system-out>
  </testcase>
  <testcase name="rejectsDictionaryQueryLongerThanOneHundredCharacters" classname="com.vsign.backend.dictionary.DictionaryIT" time="0.006"/>
  <testcase name="preservesPageMetadataForOutOfRangePage" classname="com.vsign.backend.dictionary.DictionaryIT" time="0.014"/>
  <testcase name="returnsNotFoundWhenPracticeTargetEntryDoesNotExist" classname="com.vsign.backend.dictionary.DictionaryIT" time="0.003"/>
  <testcase name="returnsDefaultPagedEntries" classname="com.vsign.backend.dictionary.DictionaryIT" time="0.005"/>
  <testcase name="appliesCategoryKeywordDifficultyAndPagingFilters" classname="com.vsign.backend.dictionary.DictionaryIT" time="0.005"/>
  <testcase name="returnsPracticeTargetForDictionaryEntry" classname="com.vsign.backend.dictionary.DictionaryIT" time="0.003"/>
</testsuite>