<?xml version="1.0" encoding="UTF-8"?>
<testsuite xmlns:xsi="http://www.w3.org/2001/XMLSchema-instance" xsi:noNamespaceSchemaLocation="https://maven.apache.org/surefire/maven-surefire-plugin/xsd/surefire-test-report-3.0.xsd" version="3.0" name="com.vsign.backend.learning.LearningWorkflowIT" time="0.489" tests="17" errors="0" skipped="0" failures="0">
  <properties>
[...]
</properties>
  <testcase name="listsChapterAndLessonPremiumLockMetadata" classname="com.vsign.backend.learning.LearningWorkflowIT" time="0.144">
    <system-out><![CDATA[2026-06-09T21:57:05.876+07:00 DEBUG 25456 --- [history-talk-backend] [           main] .b.t.c.SpringBootTestContextBootstrapper : Neither @ContextConfiguration nor @ContextHierarchy found for test class [LearningWorkflowIT]: using SpringBootContextLoader
2026-06-09T21:57:05.877+07:00  INFO 25456 --- [history-talk-backend] [           main] t.c.s.AnnotationConfigContextLoaderUtils : Could not detect default configuration classes for test class [com.vsign.backend.learning.LearningWorkflowIT]: LearningWorkflowIT does not declare any static, non-private, non-final, nested classes annotated with @Configuration.
2026-06-09T21:57:05.878+07:00 DEBUG 25456 --- [history-talk-backend] [           main] .b.t.c.SpringBootTestContextBootstrapper : Using ContextCustomizerFactory implementations for test class [LearningWorkflowIT]: [ImportsContextCustomizerFactory, ExcludeFilterContextCustomizerFactory, HttpGraphQlTesterContextCustomizerFactory, DuplicateJsonObjectContextCustomizerFactory, MockitoContextCustomizerFactory, TestRestTemplateContextCustomizerFactory, WebTestClientContextCustomizerFactory, OverrideAutoConfigurationContextCustomizerFactory, ObservabilityContextCustomizerFactory, TypeExcludeFiltersContextCustomizerFactory, PropertyMappingContextCustomizerFactory, WebDriverContextCustomizerFactory, MockServerContainerContextCustomizerFactory, DynamicPropertiesContextCustomizerFactory]
2026-06-09T21:57:05.882+07:00 DEBUG 25456 --- [history-talk-backend] [           main] .b.t.c.SpringBootTestContextBootstrapper : Using ContextCustomizers for test class [LearningWorkflowIT]: [ImportsContextCustomizer, ExcludeFilterContextCustomizer, DuplicateJsonObjectContextCustomizer, MockitoContextCustomizer, TestRestTemplateContextCustomizer, DisableObservabilityContextCustomizer, PropertyMappingContextCustomizer, WebDriverContextCustomizer]
2026-06-09T21:57:05.893+07:00  INFO 25456 --- [history-talk-backend] [           main] .b.t.c.SpringBootTestContextBootstrapper : Found @SpringBootConfiguration com.vsign.backend.VSignBackendApplication for test class com.vsign.backend.learning.LearningWorkflowIT
2026-06-09T21:57:05.895+07:00 DEBUG 25456 --- [history-talk-backend] [           main] .b.t.c.SpringBootTestContextBootstrapper : Using TestExecutionListeners for test class [LearningWorkflowIT]: [ServletTestExecutionListener, DirtiesContextBeforeModesTestExecutionListener, ApplicationEventsTestExecutionListener, MockitoTestExecutionListener, DependencyInjectionTestExecutionListener, DirtiesContextTestExecutionListener, TransactionalTestExecutionListener, SqlScriptsTestExecutionListener, EventPublishingTestExecutionListener, ResetMocksTestExecutionListener, RestDocsTestExecutionListener, MockRestServiceServerResetTestExecutionListener, MockMvcPrintOnlyOnFailureTestExecutionListener, WebDriverTestExecutionListener, MockWebServiceServerTestExecutionListener]
2026-06-09T21:57:05.902+07:00 DEBUG 25456 --- [history-talk-backend] [           main] s.w.s.m.m.a.RequestMappingHandlerMapping : Mapped to com.vsign.backend.learning.controller.LearningCatalogController#listChapters(String)
2026-06-09T21:57:05.919+07:00 DEBUG 25456 --- [history-talk-backend] [           main] org.hibernate.SQL                        : select lue1_0.unit_id,lue1_0.description,lue1_0.order_index,lue1_0.is_published,lue1_0.thumbnail_url,lue1_0.title from public.learning_units lue1_0 where lue1_0.unit_id=?
Hibernate: select lue1_0.unit_id,lue1_0.description,lue1_0.order_index,lue1_0.is_published,lue1_0.thumbnail_url,lue1_0.title from public.learning_units lue1_0 where lue1_0.unit_id=?
2026-06-09T21:57:05.926+07:00 DEBUG 25456 --- [history-talk-backend] [           main] org.hibernate.SQL                        : select lce1_0.chapter_id,lce1_0.description,lce1_0.order_index,lce1_0.is_premium,lce1_0.is_published,lce1_0.title,lce1_0.unit_id from public.learning_chapters lce1_0 where lce1_0.unit_id=? and lce1_0.is_published order by lce1_0.order_index
Hibernate: select lce1_0.chapter_id,lce1_0.description,lce1_0.order_index,lce1_0.is_premium,lce1_0.is_published,lce1_0.title,lce1_0.unit_id from public.learning_chapters lce1_0 where lce1_0.unit_id=? and lce1_0.is_published order by lce1_0.order_index
2026-06-09T21:57:05.942+07:00 DEBUG 25456 --- [history-talk-backend] [           main] org.hibernate.SQL                        : select lle1_0.chapter_id,count(lle1_0.lesson_id) from public.learning_lessons lle1_0 where lle1_0.is_published=true and lle1_0.chapter_id in (?,?) group by lle1_0.chapter_id
Hibernate: select lle1_0.chapter_id,count(lle1_0.lesson_id) from public.learning_lessons lle1_0 where lle1_0.is_published=true and lle1_0.chapter_id in (?,?) group by lle1_0.chapter_id
2026-06-09T21:57:05.958+07:00 DEBUG 25456 --- [history-talk-backend] [           main] org.hibernate.SQL                        : select lle1_0.lesson_id,lle1_0.chapter_id,lle1_0.description,lle1_0.duration_seconds,lle1_0.order_index,lle1_0.is_premium,lle1_0.is_published,lle1_0.title,lle1_0.video_url from public.learning_lessons lle1_0 where lle1_0.is_published=true and lle1_0.chapter_id in (?,?) order by lle1_0.chapter_id,lle1_0.order_index
Hibernate: select lle1_0.lesson_id,lle1_0.chapter_id,lle1_0.description,lle1_0.duration_seconds,lle1_0.order_index,lle1_0.is_premium,lle1_0.is_published,lle1_0.title,lle1_0.video_url from public.learning_lessons lle1_0 where lle1_0.is_published=true and lle1_0.chapter_id in (?,?) order by lle1_0.chapter_id,lle1_0.order_index
2026-06-09T21:57:05.968+07:00 DEBUG 25456 --- [history-talk-backend] [           main] org.hibernate.SQL                        : select lpe1_0.id,lpe1_0.completion_pct,lpe1_0.current_question_index,lpe1_0.last_position_seconds,lpe1_0.lesson_id,lpe1_0.phase,lpe1_0.status,lpe1_0.updated_at,lpe1_0.user_key from public.lesson_progress lpe1_0 where lpe1_0.user_key=? and lpe1_0.lesson_id in (?,?,?,?)
Hibernate: select lpe1_0.id,lpe1_0.completion_pct,lpe1_0.current_question_index,lpe1_0.last_position_seconds,lpe1_0.lesson_id,lpe1_0.phase,lpe1_0.status,lpe1_0.updated_at,lpe1_0.user_key from public.lesson_progress lpe1_0 where lpe1_0.user_key=? and lpe1_0.lesson_id in (?,?,?,?)
2026-06-09T21:57:05.978+07:00 DEBUG 25456 --- [history-talk-backend] [           main] m.m.a.RequestResponseBodyMethodProcessor : Using 'application/json', given [*/*] and supported [application/json, application/*+json]
2026-06-09T21:57:05.989+07:00 DEBUG 25456 --- [history-talk-backend] [           main] m.m.a.RequestResponseBodyMethodProcessor : Writing [SuccessResponse[success=true, message=Chapters loaded, data=ChapterListResponse[unitId=unit-basics,  (truncated)...]
2026-06-09T21:57:05.996+07:00 DEBUG 25456 --- [history-talk-backend] [           main] s.w.s.m.m.a.RequestMappingHandlerMapping : Mapped to com.vsign.backend.learning.controller.LearningCatalogController#listChapters(String)
2026-06-09T21:57:05.998+07:00 DEBUG 25456 --- [history-talk-backend] [           main] org.hibernate.SQL                        : select lue1_0.unit_id,lue1_0.description,lue1_0.order_index,lue1_0.is_published,lue1_0.thumbnail_url,lue1_0.title from public.learning_units lue1_0 where lue1_0.unit_id=?
Hibernate: select lue1_0.unit_id,lue1_0.description,lue1_0.order_index,lue1_0.is_published,lue1_0.thumbnail_url,lue1_0.title from public.learning_units lue1_0 where lue1_0.unit_id=?
2026-06-09T21:57:06.001+07:00 DEBUG 25456 --- [history-talk-backend] [           main] org.hibernate.SQL                        : select lce1_0.chapter_id,lce1_0.description,lce1_0.order_index,lce1_0.is_premium,lce1_0.is_published,lce1_0.title,lce1_0.unit_id from public.learning_chapters lce1_0 where lce1_0.unit_id=? and lce1_0.is_published order by lce1_0.order_index
Hibernate: select lce1_0.chapter_id,lce1_0.description,lce1_0.order_index,lce1_0.is_premium,lce1_0.is_published,lce1_0.title,lce1_0.unit_id from public.learning_chapters lce1_0 where lce1_0.unit_id=? and lce1_0.is_published order by lce1_0.order_index
2026-06-09T21:57:06.004+07:00 DEBUG 25456 --- [history-talk-backend] [           main] org.hibernate.SQL                        : select lle1_0.chapter_id,count(lle1_0.lesson_id) from public.learning_lessons lle1_0 where lle1_0.is_published=true and lle1_0.chapter_id in (?,?) group by lle1_0.chapter_id
Hibernate: select lle1_0.chapter_id,count(lle1_0.lesson_id) from public.learning_lessons lle1_0 where lle1_0.is_published=true and lle1_0.chapter_id in (?,?) group by lle1_0.chapter_id
2026-06-09T21:57:06.006+07:00 DEBUG 25456 --- [history-talk-backend] [           main] org.hibernate.SQL                        : select lle1_0.lesson_id,lle1_0.chapter_id,lle1_0.description,lle1_0.duration_seconds,lle1_0.order_index,lle1_0.is_premium,lle1_0.is_published,lle1_0.title,lle1_0.video_url from public.learning_lessons lle1_0 where lle1_0.is_published=true and lle1_0.chapter_id in (?,?) order by lle1_0.chapter_id,lle1_0.order_index
Hibernate: select lle1_0.lesson_id,lle1_0.chapter_id,lle1_0.description,lle1_0.duration_seconds,lle1_0.order_index,lle1_0.is_premium,lle1_0.is_published,lle1_0.title,lle1_0.video_url from public.learning_lessons lle1_0 where lle1_0.is_published=true and lle1_0.chapter_id in (?,?) order by lle1_0.chapter_id,lle1_0.order_index
2026-06-09T21:57:06.010+07:00 DEBUG 25456 --- [history-talk-backend] [           main] org.hibernate.SQL                        : select lpe1_0.id,lpe1_0.completion_pct,lpe1_0.current_question_index,lpe1_0.last_position_seconds,lpe1_0.lesson_id,lpe1_0.phase,lpe1_0.status,lpe1_0.updated_at,lpe1_0.user_key from public.lesson_progress lpe1_0 where lpe1_0.user_key=? and lpe1_0.lesson_id in (?,?)
Hibernate: select lpe1_0.id,lpe1_0.completion_pct,lpe1_0.current_question_index,lpe1_0.last_position_seconds,lpe1_0.lesson_id,lpe1_0.phase,lpe1_0.status,lpe1_0.updated_at,lpe1_0.user_key from public.lesson_progress lpe1_0 where lpe1_0.user_key=? and lpe1_0.lesson_id in (?,?)
2026-06-09T21:57:06.012+07:00 DEBUG 25456 --- [history-talk-backend] [           main] m.m.a.RequestResponseBodyMethodProcessor : Using 'application/json', given [*/*] and supported [application/json, application/*+json]
2026-06-09T21:57:06.013+07:00 DEBUG 25456 --- [history-talk-backend] [           main] m.m.a.RequestResponseBodyMethodProcessor : Writing [SuccessResponse[success=true, message=Chapters loaded, data=ChapterListResponse[unitId=unit-educatio (truncated)...]
2026-06-09T21:57:06.016+07:00 DEBUG 25456 --- [history-talk-backend] [           main] s.w.s.m.m.a.RequestMappingHandlerMapping : Mapped to com.vsign.backend.learning.controller.LearningCatalogController#listLessons(String)
2026-06-09T21:57:06.018+07:00 DEBUG 25456 --- [history-talk-backend] [           main] org.hibernate.SQL                        : select lce1_0.chapter_id,lce1_0.description,lce1_0.order_index,lce1_0.is_premium,lce1_0.is_published,lce1_0.title,lce1_0.unit_id from public.learning_chapters lce1_0 where lce1_0.chapter_id=?
Hibernate: select lce1_0.chapter_id,lce1_0.description,lce1_0.order_index,lce1_0.is_premium,lce1_0.is_published,lce1_0.title,lce1_0.unit_id from public.learning_chapters lce1_0 where lce1_0.chapter_id=?
2026-06-09T21:57:06.022+07:00 DEBUG 25456 --- [history-talk-backend] [           main] org.hibernate.SQL                        : select lle1_0.lesson_id,lle1_0.chapter_id,lle1_0.description,lle1_0.duration_seconds,lle1_0.order_index,lle1_0.is_premium,lle1_0.is_published,lle1_0.title,lle1_0.video_url from public.learning_lessons lle1_0 where lle1_0.chapter_id=? and lle1_0.is_published order by lle1_0.order_index
Hibernate: select lle1_0.lesson_id,lle1_0.chapter_id,lle1_0.description,lle1_0.duration_seconds,lle1_0.order_index,lle1_0.is_premium,lle1_0.is_published,lle1_0.title,lle1_0.video_url from public.learning_lessons lle1_0 where lle1_0.chapter_id=? and lle1_0.is_published order by lle1_0.order_index
2026-06-09T21:57:06.025+07:00 DEBUG 25456 --- [history-talk-backend] [           main] org.hibernate.SQL                        : select lpe1_0.id,lpe1_0.completion_pct,lpe1_0.current_question_index,lpe1_0.last_position_seconds,lpe1_0.lesson_id,lpe1_0.phase,lpe1_0.status,lpe1_0.updated_at,lpe1_0.user_key from public.lesson_progress lpe1_0 where lpe1_0.user_key=? and lpe1_0.lesson_id in (?,?)
Hibernate: select lpe1_0.id,lpe1_0.completion_pct,lpe1_0.current_question_index,lpe1_0.last_position_seconds,lpe1_0.lesson_id,lpe1_0.phase,lpe1_0.status,lpe1_0.updated_at,lpe1_0.user_key from public.lesson_progress lpe1_0 where lpe1_0.user_key=? and lpe1_0.lesson_id in (?,?)
2026-06-09T21:57:06.028+07:00 DEBUG 25456 --- [history-talk-backend] [           main] m.m.a.RequestResponseBodyMethodProcessor : Using 'application/json', given [*/*] and supported [application/json, application/*+json]
2026-06-09T21:57:06.036+07:00 DEBUG 25456 --- [history-talk-backend] [           main] m.m.a.RequestResponseBodyMethodProcessor : Writing [SuccessResponse[success=true, message=Lessons loaded, data=LessonListResponse[chapterId=chapter-gree (truncated)...]
]]></system-out>
  </testcase>
  <testcase name="rejectsInvalidProgressAndMissingLesson" classname="com.vsign.backend.learning.LearningWorkflowIT" time="0.05">
    <system-out><![CDATA[2026-06-09T21:57:06.047+07:00 DEBUG 25456 --- [history-talk-backend] [           main] s.w.s.m.m.a.RequestMappingHandlerMapping : Mapped to com.vsign.backend.learning.controller.LearningCatalogController#updateProgress(String, UpdateProgressRequest)
2026-06-09T21:57:06.059+07:00 DEBUG 25456 --- [history-talk-backend] [           main] m.m.a.RequestResponseBodyMethodProcessor : Read "application/json;charset=UTF-8" to [UpdateProgressRequest[completionPct=101, lastPositionSeconds=-1, phase=null, currentQuestionIndex=nu (truncated)...]
2026-06-09T21:57:06.081+07:00 DEBUG 25456 --- [history-talk-backend] [           main] .m.m.a.ExceptionHandlerExceptionResolver : Using @ExceptionHandler com.vsign.backend.common.exception.ApiExceptionHandler#handleValidation(MethodArgumentNotValidException)
2026-06-09T21:57:06.082+07:00 DEBUG 25456 --- [history-talk-backend] [           main] o.s.w.s.m.m.a.HttpEntityMethodProcessor  : Using 'application/json', given [*/*] and supported [application/json, application/*+json]
2026-06-09T21:57:06.083+07:00 DEBUG 25456 --- [history-talk-backend] [           main] o.s.w.s.m.m.a.HttpEntityMethodProcessor  : Writing [ApiErrorResponse[success=false, status=400, code=VALIDATION_ERROR, message=Validation failed, valida (truncated)...]
2026-06-09T21:57:06.083+07:00 DEBUG 25456 --- [history-talk-backend] [           main] .m.m.a.ExceptionHandlerExceptionResolver : Resolved [org.springframework.web.bind.MethodArgumentNotValidException: Validation failed for argument [1] in public com.vsign.backend.common.response.SuccessResponse<com.vsign.backend.learning.dto.ProgressResponse> com.vsign.backend.learning.controller.LearningCatalogController.updateProgress(java.lang.String,com.vsign.backend.learning.dto.UpdateProgressRequest) with 2 errors: [Field error in object 'updateProgressRequest' on field 'lastPositionSeconds': rejected value [-1]; codes [Min.updateProgressRequest.lastPositionSeconds,Min.lastPositionSeconds,Min.int,Min]; arguments [org.springframework.context.support.DefaultMessageSourceResolvable: codes [updateProgressRequest.lastPositionSeconds,lastPositionSeconds]; arguments []; default message [lastPositionSeconds],0]; default message [must be greater than or equal to 0]] [Field error in object 'updateProgressRequest' on field 'completionPct': rejected value [101]; codes [Max.updateProgressRequest.completionPct,Max.completionPct,Max.int,Max]; arguments [org.springframework.context.support.DefaultMessageSourceResolvable: codes [updateProgressRequest.completionPct,completionPct]; arguments []; default message [completionPct],100]; default message [must be less than or equal to 100]] ]
2026-06-09T21:57:06.085+07:00 DEBUG 25456 --- [history-talk-backend] [           main] s.w.s.m.m.a.RequestMappingHandlerMapping : Mapped to com.vsign.backend.learning.controller.LearningCatalogController#getLesson(String)
2026-06-09T21:57:06.088+07:00 DEBUG 25456 --- [history-talk-backend] [           main] org.hibernate.SQL                        : select lle1_0.lesson_id,lle1_0.chapter_id,lle1_0.description,lle1_0.duration_seconds,lle1_0.order_index,lle1_0.is_premium,lle1_0.is_published,lle1_0.title,lle1_0.video_url from public.learning_lessons lle1_0 where lle1_0.lesson_id=? and lle1_0.is_published
Hibernate: select lle1_0.lesson_id,lle1_0.chapter_id,lle1_0.description,lle1_0.duration_seconds,lle1_0.order_index,lle1_0.is_premium,lle1_0.is_published,lle1_0.title,lle1_0.video_url from public.learning_lessons lle1_0 where lle1_0.lesson_id=? and lle1_0.is_published
2026-06-09T21:57:06.089+07:00 DEBUG 25456 --- [history-talk-backend] [           main] .m.m.a.ExceptionHandlerExceptionResolver : Using @ExceptionHandler com.vsign.backend.common.exception.ApiExceptionHandler#handleBusiness(BusinessException)
2026-06-09T21:57:06.089+07:00 DEBUG 25456 --- [history-talk-backend] [           main] o.s.w.s.m.m.a.HttpEntityMethodProcessor  : Using 'application/json', given [*/*] and supported [application/json, application/*+json]
2026-06-09T21:57:06.091+07:00 DEBUG 25456 --- [history-talk-backend] [           main] o.s.w.s.m.m.a.HttpEntityMethodProcessor  : Writing [ApiErrorResponse[success=false, status=404, code=LESSON_NOT_FOUND, message=Lesson not found, validat (truncated)...]
2026-06-09T21:57:06.091+07:00 DEBUG 25456 --- [history-talk-backend] [           main] .m.m.a.ExceptionHandlerExceptionResolver : Resolved [com.vsign.backend.common.exception.BusinessException: Lesson not found]
]]></system-out>
  </testcase>
  <testcase name="rejectsInvalidUnitPagingBounds" classname="com.vsign.backend.learning.LearningWorkflowIT" time="0.014">
    <system-out><![CDATA[2026-06-09T21:57:06.099+07:00 DEBUG 25456 --- [history-talk-backend] [           main] s.w.s.m.m.a.RequestMappingHandlerMapping : Mapped to com.vsign.backend.learning.controller.LearningCatalogController#listUnits(boolean, int, int)
2026-06-09T21:57:06.103+07:00 DEBUG 25456 --- [history-talk-backend] [           main] .m.m.a.ExceptionHandlerExceptionResolver : Using @ExceptionHandler com.vsign.backend.common.exception.ApiExceptionHandler#handleConstraintViolation(ConstraintViolationException)
2026-06-09T21:57:06.104+07:00 DEBUG 25456 --- [history-talk-backend] [           main] o.s.w.s.m.m.a.HttpEntityMethodProcessor  : Using 'application/json', given [*/*] and supported [application/json, application/*+json]
2026-06-09T21:57:06.105+07:00 DEBUG 25456 --- [history-talk-backend] [           main] o.s.w.s.m.m.a.HttpEntityMethodProcessor  : Writing [ApiErrorResponse[success=false, status=400, code=VALIDATION_ERROR, message=Validation failed, valida (truncated)...]
2026-06-09T21:57:06.105+07:00 DEBUG 25456 --- [history-talk-backend] [           main] .m.m.a.ExceptionHandlerExceptionResolver : Resolved [jakarta.validation.ConstraintViolationException: listUnits.size: must be less than or equal to 100, listUnits.page: must be greater than or equal to 0]
]]></system-out>
  </testcase>
  <testcase name="getsPracticeItemDetail" classname="com.vsign.backend.learning.LearningWorkflowIT" time="0.023">
    <system-out><![CDATA[2026-06-09T21:57:06.113+07:00 DEBUG 25456 --- [history-talk-backend] [           main] s.w.s.m.m.a.RequestMappingHandlerMapping : Mapped to com.vsign.backend.learning.controller.LearningController#getPracticeItem(String)
2026-06-09T21:57:06.118+07:00 DEBUG 25456 --- [history-talk-backend] [           main] org.hibernate.SQL                        : select pie1_0.practice_item_id,pie1_0.category,pie1_0.expected_gloss,pie1_0.label,pie1_0.lesson_id,pie1_0.level,pie1_0.order_index,pie1_0.is_published,pie1_0.source_video_file,pie1_0.video_url from public.practice_items pie1_0 where pie1_0.practice_item_id=? and pie1_0.is_published
Hibernate: select pie1_0.practice_item_id,pie1_0.category,pie1_0.expected_gloss,pie1_0.label,pie1_0.lesson_id,pie1_0.level,pie1_0.order_index,pie1_0.is_published,pie1_0.source_video_file,pie1_0.video_url from public.practice_items pie1_0 where pie1_0.practice_item_id=? and pie1_0.is_published
2026-06-09T21:57:06.122+07:00 DEBUG 25456 --- [history-talk-backend] [           main] org.hibernate.SQL                        : select pire1_0.id,pire1_0.code,pire1_0.order_index,pire1_0.practice_item_id from public.practice_item_rubrics pire1_0 where pire1_0.practice_item_id=? order by pire1_0.order_index
Hibernate: select pire1_0.id,pire1_0.code,pire1_0.order_index,pire1_0.practice_item_id from public.practice_item_rubrics pire1_0 where pire1_0.practice_item_id=? order by pire1_0.order_index
2026-06-09T21:57:06.124+07:00 DEBUG 25456 --- [history-talk-backend] [           main] m.m.a.RequestResponseBodyMethodProcessor : Using 'application/json', given [*/*] and supported [application/json, application/*+json]
2026-06-09T21:57:06.127+07:00 DEBUG 25456 --- [history-talk-backend] [           main] m.m.a.RequestResponseBodyMethodProcessor : Writing [SuccessResponse[success=true, message=Practice item loaded, data=PracticeItemDetailResponse[itemId=p (truncated)...]
]]></system-out>
  </testcase>
  <testcase name="blocksProgressUpdateForPremiumLesson" classname="com.vsign.backend.learning.LearningWorkflowIT" time="0.011">
    <system-out><![CDATA[2026-06-09T21:57:06.137+07:00 DEBUG 25456 --- [history-talk-backend] [           main] s.w.s.m.m.a.RequestMappingHandlerMapping : Mapped to com.vsign.backend.learning.controller.LearningCatalogController#updateProgress(String, UpdateProgressRequest)
2026-06-09T21:57:06.137+07:00 DEBUG 25456 --- [history-talk-backend] [           main] m.m.a.RequestResponseBodyMethodProcessor : Read "application/json;charset=UTF-8" to [UpdateProgressRequest[completionPct=20, lastPositionSeconds=15, phase=null, currentQuestionIndex=nul (truncated)...]
2026-06-09T21:57:06.139+07:00 DEBUG 25456 --- [history-talk-backend] [           main] org.hibernate.SQL                        : select lle1_0.lesson_id,lle1_0.chapter_id,lle1_0.description,lle1_0.duration_seconds,lle1_0.order_index,lle1_0.is_premium,lle1_0.is_published,lle1_0.title,lle1_0.video_url from public.learning_lessons lle1_0 where lle1_0.lesson_id=? and lle1_0.is_published
Hibernate: select lle1_0.lesson_id,lle1_0.chapter_id,lle1_0.description,lle1_0.duration_seconds,lle1_0.order_index,lle1_0.is_premium,lle1_0.is_published,lle1_0.title,lle1_0.video_url from public.learning_lessons lle1_0 where lle1_0.lesson_id=? and lle1_0.is_published
2026-06-09T21:57:06.141+07:00 DEBUG 25456 --- [history-talk-backend] [           main] org.hibernate.SQL                        : select lce1_0.chapter_id,lce1_0.description,lce1_0.order_index,lce1_0.is_premium,lce1_0.is_published,lce1_0.title,lce1_0.unit_id from public.learning_chapters lce1_0 where lce1_0.chapter_id=?
Hibernate: select lce1_0.chapter_id,lce1_0.description,lce1_0.order_index,lce1_0.is_premium,lce1_0.is_published,lce1_0.title,lce1_0.unit_id from public.learning_chapters lce1_0 where lce1_0.chapter_id=?
2026-06-09T21:57:06.142+07:00 DEBUG 25456 --- [history-talk-backend] [           main] .m.m.a.ExceptionHandlerExceptionResolver : Using @ExceptionHandler com.vsign.backend.common.exception.ApiExceptionHandler#handleBusiness(BusinessException)
2026-06-09T21:57:06.142+07:00 DEBUG 25456 --- [history-talk-backend] [           main] o.s.w.s.m.m.a.HttpEntityMethodProcessor  : Using 'application/json', given [*/*] and supported [application/json, application/*+json]
2026-06-09T21:57:06.143+07:00 DEBUG 25456 --- [history-talk-backend] [           main] o.s.w.s.m.m.a.HttpEntityMethodProcessor  : Writing [ApiErrorResponse[success=false, status=403, code=PREMIUM_REQUIRED, message=Premium account required, (truncated)...]
2026-06-09T21:57:06.143+07:00 DEBUG 25456 --- [history-talk-backend] [           main] .m.m.a.ExceptionHandlerExceptionResolver : Resolved [com.vsign.backend.common.exception.BusinessException: Premium account required]
]]></system-out>
  </testcase>
  <testcase name="returnsNotFoundForUnknownPracticeItem" classname="com.vsign.backend.learning.LearningWorkflowIT" time="0.008">
    <system-out><![CDATA[2026-06-09T21:57:06.147+07:00 DEBUG 25456 --- [history-talk-backend] [           main] s.w.s.m.m.a.RequestMappingHandlerMapping : Mapped to com.vsign.backend.learning.controller.LearningController#getPracticeItem(String)
2026-06-09T21:57:06.149+07:00 DEBUG 25456 --- [history-talk-backend] [           main] org.hibernate.SQL                        : select pie1_0.practice_item_id,pie1_0.category,pie1_0.expected_gloss,pie1_0.label,pie1_0.lesson_id,pie1_0.level,pie1_0.order_index,pie1_0.is_published,pie1_0.source_video_file,pie1_0.video_url from public.practice_items pie1_0 where pie1_0.practice_item_id=? and pie1_0.is_published
Hibernate: select pie1_0.practice_item_id,pie1_0.category,pie1_0.expected_gloss,pie1_0.label,pie1_0.lesson_id,pie1_0.level,pie1_0.order_index,pie1_0.is_published,pie1_0.source_video_file,pie1_0.video_url from public.practice_items pie1_0 where pie1_0.practice_item_id=? and pie1_0.is_published
2026-06-09T21:57:06.150+07:00 DEBUG 25456 --- [history-talk-backend] [           main] .m.m.a.ExceptionHandlerExceptionResolver : Using @ExceptionHandler com.vsign.backend.common.exception.ApiExceptionHandler#handleBusiness(BusinessException)
2026-06-09T21:57:06.151+07:00 DEBUG 25456 --- [history-talk-backend] [           main] o.s.w.s.m.m.a.HttpEntityMethodProcessor  : Using 'application/json', given [*/*] and supported [application/json, application/*+json]
2026-06-09T21:57:06.151+07:00 DEBUG 25456 --- [history-talk-backend] [           main] o.s.w.s.m.m.a.HttpEntityMethodProcessor  : Writing [ApiErrorResponse[success=false, status=404, code=NOT_FOUND, message=Resource not found, validationEr (truncated)...]
2026-06-09T21:57:06.151+07:00 DEBUG 25456 --- [history-talk-backend] [           main] .m.m.a.ExceptionHandlerExceptionResolver : Resolved [com.vsign.backend.common.exception.BusinessException: Resource not found]
]]></system-out>
  </testcase>
  <testcase name="submitsSignatureWorkflowAttemptWithAiPredictionMetadata" classname="com.vsign.backend.learning.LearningWorkflowIT" time="0.045">
    <system-out><![CDATA[2026-06-09T21:57:06.156+07:00 DEBUG 25456 --- [history-talk-backend] [           main] s.w.s.m.m.a.RequestMappingHandlerMapping : Mapped to com.vsign.backend.learning.controller.SignatureWorkflowController#submit(SubmitSignatureAttemptRequest)
2026-06-09T21:57:06.168+07:00 DEBUG 25456 --- [history-talk-backend] [           main] m.m.a.RequestResponseBodyMethodProcessor : Read "application/json;charset=UTF-8" to [SubmitSignatureAttemptRequest[userStoryId=US-AI-REAL-001, practiceItemId=practice-hello, documentUpl (truncated)...]
2026-06-09T21:57:06.181+07:00 DEBUG 25456 --- [history-talk-backend] [           main] org.hibernate.SQL                        : select pie1_0.practice_item_id,pie1_0.category,pie1_0.expected_gloss,pie1_0.label,pie1_0.lesson_id,pie1_0.level,pie1_0.order_index,pie1_0.is_published,pie1_0.source_video_file,pie1_0.video_url from public.practice_items pie1_0 where pie1_0.practice_item_id=? and pie1_0.is_published
Hibernate: select pie1_0.practice_item_id,pie1_0.category,pie1_0.expected_gloss,pie1_0.label,pie1_0.lesson_id,pie1_0.level,pie1_0.order_index,pie1_0.is_published,pie1_0.source_video_file,pie1_0.video_url from public.practice_items pie1_0 where pie1_0.practice_item_id=? and pie1_0.is_published
2026-06-09T21:57:06.184+07:00 DEBUG 25456 --- [history-talk-backend] [           main] org.hibernate.SQL                        : select sale1_0.attempt_id,sale1_0.ai_status,sale1_0.confidence,sale1_0.is_correct,sale1_0.created_at,sale1_0.document_upload_id,sale1_0.duration_ms,sale1_0.feedback_codes,sale1_0.frames_processed,sale1_0.hands_detected_frames,sale1_0.inference_ms,sale1_0.practice_item_id,sale1_0.predicted_gloss,sale1_0.score,sale1_0.signature_vector_hash,sale1_0.status,sale1_0.target_gloss,sale1_0.user_key,sale1_0.user_story_id from public.signature_attempt_logs sale1_0 where sale1_0.attempt_id=?
Hibernate: select sale1_0.attempt_id,sale1_0.ai_status,sale1_0.confidence,sale1_0.is_correct,sale1_0.created_at,sale1_0.document_upload_id,sale1_0.duration_ms,sale1_0.feedback_codes,sale1_0.frames_processed,sale1_0.hands_detected_frames,sale1_0.inference_ms,sale1_0.practice_item_id,sale1_0.predicted_gloss,sale1_0.score,sale1_0.signature_vector_hash,sale1_0.status,sale1_0.target_gloss,sale1_0.user_key,sale1_0.user_story_id from public.signature_attempt_logs sale1_0 where sale1_0.attempt_id=?
2026-06-09T21:57:06.188+07:00 DEBUG 25456 --- [history-talk-backend] [           main] org.hibernate.SQL                        : insert into public.signature_attempt_logs (ai_status,confidence,is_correct,created_at,document_upload_id,duration_ms,feedback_codes,frames_processed,hands_detected_frames,inference_ms,practice_item_id,predicted_gloss,score,signature_vector_hash,status,target_gloss,user_key,user_story_id,attempt_id) values (?,?,?,?,?,?,?,?,?,?,?,?,?,?,?,?,?,?,?)
Hibernate: insert into public.signature_attempt_logs (ai_status,confidence,is_correct,created_at,document_upload_id,duration_ms,feedback_codes,frames_processed,hands_detected_frames,inference_ms,practice_item_id,predicted_gloss,score,signature_vector_hash,status,target_gloss,user_key,user_story_id,attempt_id) values (?,?,?,?,?,?,?,?,?,?,?,?,?,?,?,?,?,?,?)
2026-06-09T21:57:06.189+07:00 DEBUG 25456 --- [history-talk-backend] [           main] m.m.a.RequestResponseBodyMethodProcessor : Using 'application/json', given [*/*] and supported [application/json, application/*+json]
2026-06-09T21:57:06.192+07:00 DEBUG 25456 --- [history-talk-backend] [           main] m.m.a.RequestResponseBodyMethodProcessor : Writing [SuccessResponse[success=true, message=Signature attempt submitted, data=SignatureAttemptResponse[att (truncated)...]
]]></system-out>
  </testcase>
  <testcase name="listsPracticeItemsWithPagingAndFilters" classname="com.vsign.backend.learning.LearningWorkflowIT" time="0.024">
    <system-out><![CDATA[2026-06-09T21:57:06.202+07:00 DEBUG 25456 --- [history-talk-backend] [           main] s.w.s.m.m.a.RequestMappingHandlerMapping : Mapped to com.vsign.backend.learning.controller.LearningController#listPracticeItems(String, String, int, int)
2026-06-09T21:57:06.206+07:00 DEBUG 25456 --- [history-talk-backend] [           main] org.hibernate.SQL                        : select pie1_0.practice_item_id,pie1_0.category,pie1_0.expected_gloss,pie1_0.label,pie1_0.lesson_id,pie1_0.level,pie1_0.order_index,pie1_0.is_published,pie1_0.source_video_file,pie1_0.video_url from public.practice_items pie1_0 where pie1_0.is_published order by pie1_0.order_index
Hibernate: select pie1_0.practice_item_id,pie1_0.category,pie1_0.expected_gloss,pie1_0.label,pie1_0.lesson_id,pie1_0.level,pie1_0.order_index,pie1_0.is_published,pie1_0.source_video_file,pie1_0.video_url from public.practice_items pie1_0 where pie1_0.is_published order by pie1_0.order_index
2026-06-09T21:57:06.215+07:00 DEBUG 25456 --- [history-talk-backend] [           main] m.m.a.RequestResponseBodyMethodProcessor : Using 'application/json', given [*/*] and supported [application/json, application/*+json]
2026-06-09T21:57:06.219+07:00 DEBUG 25456 --- [history-talk-backend] [           main] m.m.a.RequestResponseBodyMethodProcessor : Writing [SuccessResponse[success=true, message=Practice items loaded, data=PracticeItemsPageResponse[page=0,  (truncated)...]
]]></system-out>
  </testcase>
  <testcase name="usesDomainCodesForMissingCatalogRecords" classname="com.vsign.backend.learning.LearningWorkflowIT" time="0.012">
    <system-out><![CDATA[2026-06-09T21:57:06.227+07:00 DEBUG 25456 --- [history-talk-backend] [           main] s.w.s.m.m.a.RequestMappingHandlerMapping : Mapped to com.vsign.backend.learning.controller.LearningCatalogController#listChapters(String)
2026-06-09T21:57:06.228+07:00 DEBUG 25456 --- [history-talk-backend] [           main] org.hibernate.SQL                        : select lue1_0.unit_id,lue1_0.description,lue1_0.order_index,lue1_0.is_published,lue1_0.thumbnail_url,lue1_0.title from public.learning_units lue1_0 where lue1_0.unit_id=?
Hibernate: select lue1_0.unit_id,lue1_0.description,lue1_0.order_index,lue1_0.is_published,lue1_0.thumbnail_url,lue1_0.title from public.learning_units lue1_0 where lue1_0.unit_id=?
2026-06-09T21:57:06.229+07:00 DEBUG 25456 --- [history-talk-backend] [           main] .m.m.a.ExceptionHandlerExceptionResolver : Using @ExceptionHandler com.vsign.backend.common.exception.ApiExceptionHandler#handleBusiness(BusinessException)
2026-06-09T21:57:06.230+07:00 DEBUG 25456 --- [history-talk-backend] [           main] o.s.w.s.m.m.a.HttpEntityMethodProcessor  : Using 'application/json', given [*/*] and supported [application/json, application/*+json]
2026-06-09T21:57:06.230+07:00 DEBUG 25456 --- [history-talk-backend] [           main] o.s.w.s.m.m.a.HttpEntityMethodProcessor  : Writing [ApiErrorResponse[success=false, status=404, code=UNIT_NOT_FOUND, message=Unit not found, validationE (truncated)...]
2026-06-09T21:57:06.230+07:00 DEBUG 25456 --- [history-talk-backend] [           main] .m.m.a.ExceptionHandlerExceptionResolver : Resolved [com.vsign.backend.common.exception.BusinessException: Unit not found]
2026-06-09T21:57:06.231+07:00 DEBUG 25456 --- [history-talk-backend] [           main] s.w.s.m.m.a.RequestMappingHandlerMapping : Mapped to com.vsign.backend.learning.controller.LearningCatalogController#listLessons(String)
2026-06-09T21:57:06.232+07:00 DEBUG 25456 --- [history-talk-backend] [           main] org.hibernate.SQL                        : select lce1_0.chapter_id,lce1_0.description,lce1_0.order_index,lce1_0.is_premium,lce1_0.is_published,lce1_0.title,lce1_0.unit_id from public.learning_chapters lce1_0 where lce1_0.chapter_id=?
Hibernate: select lce1_0.chapter_id,lce1_0.description,lce1_0.order_index,lce1_0.is_premium,lce1_0.is_published,lce1_0.title,lce1_0.unit_id from public.learning_chapters lce1_0 where lce1_0.chapter_id=?
2026-06-09T21:57:06.234+07:00 DEBUG 25456 --- [history-talk-backend] [           main] .m.m.a.ExceptionHandlerExceptionResolver : Using @ExceptionHandler com.vsign.backend.common.exception.ApiExceptionHandler#handleBusiness(BusinessException)
2026-06-09T21:57:06.234+07:00 DEBUG 25456 --- [history-talk-backend] [           main] o.s.w.s.m.m.a.HttpEntityMethodProcessor  : Using 'application/json', given [*/*] and supported [application/json, application/*+json]
2026-06-09T21:57:06.234+07:00 DEBUG 25456 --- [history-talk-backend] [           main] o.s.w.s.m.m.a.HttpEntityMethodProcessor  : Writing [ApiErrorResponse[success=false, status=404, code=CHAPTER_NOT_FOUND, message=Chapter not found, valid (truncated)...]
2026-06-09T21:57:06.235+07:00 DEBUG 25456 --- [history-talk-backend] [           main] .m.m.a.ExceptionHandlerExceptionResolver : Resolved [com.vsign.backend.common.exception.BusinessException: Chapter not found]
]]></system-out>
  </testcase>
  <testcase name="getsLessonDetailWithResumeCheckpoint" classname="com.vsign.backend.learning.LearningWorkflowIT" time="0.015">
    <system-out><![CDATA[2026-06-09T21:57:06.241+07:00 DEBUG 25456 --- [history-talk-backend] [           main] s.w.s.m.m.a.RequestMappingHandlerMapping : Mapped to com.vsign.backend.learning.controller.LearningCatalogController#getLesson(String)
2026-06-09T21:57:06.243+07:00 DEBUG 25456 --- [history-talk-backend] [           main] org.hibernate.SQL                        : select lle1_0.lesson_id,lle1_0.chapter_id,lle1_0.description,lle1_0.duration_seconds,lle1_0.order_index,lle1_0.is_premium,lle1_0.is_published,lle1_0.title,lle1_0.video_url from public.learning_lessons lle1_0 where lle1_0.lesson_id=? and lle1_0.is_published
Hibernate: select lle1_0.lesson_id,lle1_0.chapter_id,lle1_0.description,lle1_0.duration_seconds,lle1_0.order_index,lle1_0.is_premium,lle1_0.is_published,lle1_0.title,lle1_0.video_url from public.learning_lessons lle1_0 where lle1_0.lesson_id=? and lle1_0.is_published
2026-06-09T21:57:06.244+07:00 DEBUG 25456 --- [history-talk-backend] [           main] org.hibernate.SQL                        : select lce1_0.chapter_id,lce1_0.description,lce1_0.order_index,lce1_0.is_premium,lce1_0.is_published,lce1_0.title,lce1_0.unit_id from public.learning_chapters lce1_0 where lce1_0.chapter_id=?
Hibernate: select lce1_0.chapter_id,lce1_0.description,lce1_0.order_index,lce1_0.is_premium,lce1_0.is_published,lce1_0.title,lce1_0.unit_id from public.learning_chapters lce1_0 where lce1_0.chapter_id=?
2026-06-09T21:57:06.246+07:00 DEBUG 25456 --- [history-talk-backend] [           main] org.hibernate.SQL                        : select lpe1_0.id,lpe1_0.completion_pct,lpe1_0.current_question_index,lpe1_0.last_position_seconds,lpe1_0.lesson_id,lpe1_0.phase,lpe1_0.status,lpe1_0.updated_at,lpe1_0.user_key from public.lesson_progress lpe1_0 where lpe1_0.user_key=? and lpe1_0.lesson_id=?
Hibernate: select lpe1_0.id,lpe1_0.completion_pct,lpe1_0.current_question_index,lpe1_0.last_position_seconds,lpe1_0.lesson_id,lpe1_0.phase,lpe1_0.status,lpe1_0.updated_at,lpe1_0.user_key from public.lesson_progress lpe1_0 where lpe1_0.user_key=? and lpe1_0.lesson_id=?
2026-06-09T21:57:06.248+07:00 DEBUG 25456 --- [history-talk-backend] [           main] m.m.a.RequestResponseBodyMethodProcessor : Using 'application/json', given [*/*] and supported [application/json, application/*+json]
2026-06-09T21:57:06.249+07:00 DEBUG 25456 --- [history-talk-backend] [           main] m.m.a.RequestResponseBodyMethodProcessor : Writing [SuccessResponse[success=true, message=Lesson loaded, data=LessonDetailResponse[lessonId=lesson-greet (truncated)...]
]]></system-out>
  </testcase>
  <testcase name="rejectsUnknownProgressStatus" classname="com.vsign.backend.learning.LearningWorkflowIT" time="0.011">
    <system-out><![CDATA[2026-06-09T21:57:06.258+07:00 DEBUG 25456 --- [history-talk-backend] [           main] s.w.s.m.m.a.RequestMappingHandlerMapping : Mapped to com.vsign.backend.learning.controller.LearningCatalogController#updateProgress(String, UpdateProgressRequest)
2026-06-09T21:57:06.263+07:00 DEBUG 25456 --- [history-talk-backend] [           main] o.s.web.method.HandlerMethod             : Could not resolve parameter [1] in public com.vsign.backend.common.response.SuccessResponse<com.vsign.backend.learning.dto.ProgressResponse> com.vsign.backend.learning.controller.LearningCatalogController.updateProgress(java.lang.String,com.vsign.backend.learning.dto.UpdateProgressRequest): JSON parse error: Cannot deserialize value of type `com.vsign.backend.learning.dto.ProgressStatus` from String "PAUSED_FOREVER": not one of the values accepted for Enum class: [COMPLETED, NOT_STARTED, IN_PROGRESS]
2026-06-09T21:57:06.263+07:00 DEBUG 25456 --- [history-talk-backend] [           main] .m.m.a.ExceptionHandlerExceptionResolver : Using @ExceptionHandler com.vsign.backend.common.exception.ApiExceptionHandler#handleUnreadableMessage(HttpMessageNotReadableException)
2026-06-09T21:57:06.263+07:00 DEBUG 25456 --- [history-talk-backend] [           main] o.s.w.s.m.m.a.HttpEntityMethodProcessor  : Using 'application/json', given [*/*] and supported [application/json, application/*+json]
2026-06-09T21:57:06.263+07:00 DEBUG 25456 --- [history-talk-backend] [           main] o.s.w.s.m.m.a.HttpEntityMethodProcessor  : Writing [ApiErrorResponse[success=false, status=400, code=VALIDATION_ERROR, message=Validation failed, valida (truncated)...]
2026-06-09T21:57:06.264+07:00 DEBUG 25456 --- [history-talk-backend] [           main] .m.m.a.ExceptionHandlerExceptionResolver : Resolved [org.springframework.http.converter.HttpMessageNotReadableException: JSON parse error: Cannot deserialize value of type `com.vsign.backend.learning.dto.ProgressStatus` from String "PAUSED_FOREVER": not one of the values accepted for Enum class: [COMPLETED, NOT_STARTED, IN_PROGRESS]]
]]></system-out>
  </testcase>
  <testcase name="updatesLessonProgressIdempotently" classname="com.vsign.backend.learning.LearningWorkflowIT" time="0.033">
    <system-out><![CDATA[2026-06-09T21:57:06.270+07:00 DEBUG 25456 --- [history-talk-backend] [           main] s.w.s.m.m.a.RequestMappingHandlerMapping : Mapped to com.vsign.backend.learning.controller.LearningCatalogController#updateProgress(String, UpdateProgressRequest)
2026-06-09T21:57:06.271+07:00 DEBUG 25456 --- [history-talk-backend] [           main] m.m.a.RequestResponseBodyMethodProcessor : Read "application/json;charset=UTF-8" to [UpdateProgressRequest[completionPct=65, lastPositionSeconds=144, phase=QUIZ, currentQuestionIndex=2, (truncated)...]
2026-06-09T21:57:06.272+07:00 DEBUG 25456 --- [history-talk-backend] [           main] org.hibernate.SQL                        : select lle1_0.lesson_id,lle1_0.chapter_id,lle1_0.description,lle1_0.duration_seconds,lle1_0.order_index,lle1_0.is_premium,lle1_0.is_published,lle1_0.title,lle1_0.video_url from public.learning_lessons lle1_0 where lle1_0.lesson_id=? and lle1_0.is_published
Hibernate: select lle1_0.lesson_id,lle1_0.chapter_id,lle1_0.description,lle1_0.duration_seconds,lle1_0.order_index,lle1_0.is_premium,lle1_0.is_published,lle1_0.title,lle1_0.video_url from public.learning_lessons lle1_0 where lle1_0.lesson_id=? and lle1_0.is_published
2026-06-09T21:57:06.274+07:00 DEBUG 25456 --- [history-talk-backend] [           main] org.hibernate.SQL                        : select lce1_0.chapter_id,lce1_0.description,lce1_0.order_index,lce1_0.is_premium,lce1_0.is_published,lce1_0.title,lce1_0.unit_id from public.learning_chapters lce1_0 where lce1_0.chapter_id=?
Hibernate: select lce1_0.chapter_id,lce1_0.description,lce1_0.order_index,lce1_0.is_premium,lce1_0.is_published,lce1_0.title,lce1_0.unit_id from public.learning_chapters lce1_0 where lce1_0.chapter_id=?
2026-06-09T21:57:06.276+07:00 DEBUG 25456 --- [history-talk-backend] [           main] org.hibernate.SQL                        : select lpe1_0.id,lpe1_0.completion_pct,lpe1_0.current_question_index,lpe1_0.last_position_seconds,lpe1_0.lesson_id,lpe1_0.phase,lpe1_0.status,lpe1_0.updated_at,lpe1_0.user_key from public.lesson_progress lpe1_0 where lpe1_0.user_key=? and lpe1_0.lesson_id=?
Hibernate: select lpe1_0.id,lpe1_0.completion_pct,lpe1_0.current_question_index,lpe1_0.last_position_seconds,lpe1_0.lesson_id,lpe1_0.phase,lpe1_0.status,lpe1_0.updated_at,lpe1_0.user_key from public.lesson_progress lpe1_0 where lpe1_0.user_key=? and lpe1_0.lesson_id=?
2026-06-09T21:57:06.278+07:00 DEBUG 25456 --- [history-talk-backend] [           main] org.hibernate.SQL                        : update public.lesson_progress set completion_pct=?,current_question_index=?,last_position_seconds=?,lesson_id=?,phase=?,status=?,updated_at=?,user_key=? where id=?
Hibernate: update public.lesson_progress set completion_pct=?,current_question_index=?,last_position_seconds=?,lesson_id=?,phase=?,status=?,updated_at=?,user_key=? where id=?
2026-06-09T21:57:06.279+07:00 DEBUG 25456 --- [history-talk-backend] [           main] m.m.a.RequestResponseBodyMethodProcessor : Using 'application/json', given [*/*] and supported [application/json, application/*+json]
2026-06-09T21:57:06.283+07:00 DEBUG 25456 --- [history-talk-backend] [           main] m.m.a.RequestResponseBodyMethodProcessor : Writing [SuccessResponse[success=true, message=Progress updated, data=ProgressResponse[lessonId=lesson-greeti (truncated)...]
2026-06-09T21:57:06.286+07:00 DEBUG 25456 --- [history-talk-backend] [           main] s.w.s.m.m.a.RequestMappingHandlerMapping : Mapped to com.vsign.backend.learning.controller.LearningCatalogController#updateProgress(String, UpdateProgressRequest)
2026-06-09T21:57:06.287+07:00 DEBUG 25456 --- [history-talk-backend] [           main] m.m.a.RequestResponseBodyMethodProcessor : Read "application/json;charset=UTF-8" to [UpdateProgressRequest[completionPct=65, lastPositionSeconds=144, phase=QUIZ, currentQuestionIndex=2, (truncated)...]
2026-06-09T21:57:06.290+07:00 DEBUG 25456 --- [history-talk-backend] [           main] org.hibernate.SQL                        : select lle1_0.lesson_id,lle1_0.chapter_id,lle1_0.description,lle1_0.duration_seconds,lle1_0.order_index,lle1_0.is_premium,lle1_0.is_published,lle1_0.title,lle1_0.video_url from public.learning_lessons lle1_0 where lle1_0.lesson_id=? and lle1_0.is_published
Hibernate: select lle1_0.lesson_id,lle1_0.chapter_id,lle1_0.description,lle1_0.duration_seconds,lle1_0.order_index,lle1_0.is_premium,lle1_0.is_published,lle1_0.title,lle1_0.video_url from public.learning_lessons lle1_0 where lle1_0.lesson_id=? and lle1_0.is_published
2026-06-09T21:57:06.292+07:00 DEBUG 25456 --- [history-talk-backend] [           main] org.hibernate.SQL                        : select lce1_0.chapter_id,lce1_0.description,lce1_0.order_index,lce1_0.is_premium,lce1_0.is_published,lce1_0.title,lce1_0.unit_id from public.learning_chapters lce1_0 where lce1_0.chapter_id=?
Hibernate: select lce1_0.chapter_id,lce1_0.description,lce1_0.order_index,lce1_0.is_premium,lce1_0.is_published,lce1_0.title,lce1_0.unit_id from public.learning_chapters lce1_0 where lce1_0.chapter_id=?
2026-06-09T21:57:06.294+07:00 DEBUG 25456 --- [history-talk-backend] [           main] org.hibernate.SQL                        : select lpe1_0.id,lpe1_0.completion_pct,lpe1_0.current_question_index,lpe1_0.last_position_seconds,lpe1_0.lesson_id,lpe1_0.phase,lpe1_0.status,lpe1_0.updated_at,lpe1_0.user_key from public.lesson_progress lpe1_0 where lpe1_0.user_key=? and lpe1_0.lesson_id=?
Hibernate: select lpe1_0.id,lpe1_0.completion_pct,lpe1_0.current_question_index,lpe1_0.last_position_seconds,lpe1_0.lesson_id,lpe1_0.phase,lpe1_0.status,lpe1_0.updated_at,lpe1_0.user_key from public.lesson_progress lpe1_0 where lpe1_0.user_key=? and lpe1_0.lesson_id=?
2026-06-09T21:57:06.296+07:00 DEBUG 25456 --- [history-talk-backend] [           main] org.hibernate.SQL                        : update public.lesson_progress set completion_pct=?,current_question_index=?,last_position_seconds=?,lesson_id=?,phase=?,status=?,updated_at=?,user_key=? where id=?
Hibernate: update public.lesson_progress set completion_pct=?,current_question_index=?,last_position_seconds=?,lesson_id=?,phase=?,status=?,updated_at=?,user_key=? where id=?
2026-06-09T21:57:06.297+07:00 DEBUG 25456 --- [history-talk-backend] [           main] m.m.a.RequestResponseBodyMethodProcessor : Using 'application/json', given [*/*] and supported [application/json, application/*+json]
2026-06-09T21:57:06.298+07:00 DEBUG 25456 --- [history-talk-backend] [           main] m.m.a.RequestResponseBodyMethodProcessor : Writing [SuccessResponse[success=true, message=Progress updated, data=ProgressResponse[lessonId=lesson-greeti (truncated)...]
]]></system-out>
  </testcase>
  <testcase name="rejectsAttemptForMissingSignatureVector" classname="com.vsign.backend.learning.LearningWorkflowIT" time="0.006">
    <system-out><![CDATA[2026-06-09T21:57:06.304+07:00 DEBUG 25456 --- [history-talk-backend] [           main] s.w.s.m.m.a.RequestMappingHandlerMapping : Mapped to com.vsign.backend.learning.controller.SignatureWorkflowController#submit(SubmitSignatureAttemptRequest)
2026-06-09T21:57:06.305+07:00 DEBUG 25456 --- [history-talk-backend] [           main] m.m.a.RequestResponseBodyMethodProcessor : Read "application/json;charset=UTF-8" to [SubmitSignatureAttemptRequest[userStoryId=null, practiceItemId=practice-hello, documentUploadId=doc- (truncated)...]
2026-06-09T21:57:06.306+07:00 DEBUG 25456 --- [history-talk-backend] [           main] .m.m.a.ExceptionHandlerExceptionResolver : Using @ExceptionHandler com.vsign.backend.common.exception.ApiExceptionHandler#handleValidation(MethodArgumentNotValidException)
2026-06-09T21:57:06.306+07:00 DEBUG 25456 --- [history-talk-backend] [           main] o.s.w.s.m.m.a.HttpEntityMethodProcessor  : Using 'application/json', given [*/*] and supported [application/json, application/*+json]
2026-06-09T21:57:06.306+07:00 DEBUG 25456 --- [history-talk-backend] [           main] o.s.w.s.m.m.a.HttpEntityMethodProcessor  : Writing [ApiErrorResponse[success=false, status=400, code=VALIDATION_ERROR, message=Validation failed, valida (truncated)...]
2026-06-09T21:57:06.307+07:00 DEBUG 25456 --- [history-talk-backend] [           main] .m.m.a.ExceptionHandlerExceptionResolver : Resolved [org.springframework.web.bind.MethodArgumentNotValidException: Validation failed for argument [0] in public com.vsign.backend.common.response.SuccessResponse<com.vsign.backend.learning.dto.SignatureAttemptResponse> com.vsign.backend.learning.controller.SignatureWorkflowController.submit(com.vsign.backend.learning.dto.SubmitSignatureAttemptRequest): [Field error in object 'submitSignatureAttemptRequest' on field 'signatureVector': rejected value [null]; codes [NotBlank.submitSignatureAttemptRequest.signatureVector,NotBlank.signatureVector,NotBlank.java.lang.String,NotBlank]; arguments [org.springframework.context.support.DefaultMessageSourceResolvable: codes [submitSignatureAttemptRequest.signatureVector,signatureVector]; arguments []; default message [signatureVector]]; default message [must not be blank]] ]
]]></system-out>
  </testcase>
  <testcase name="submitsSignatureWorkflowAttempt" classname="com.vsign.backend.learning.LearningWorkflowIT" time="0.014">
    <system-out><![CDATA[2026-06-09T21:57:06.312+07:00 DEBUG 25456 --- [history-talk-backend] [           main] s.w.s.m.m.a.RequestMappingHandlerMapping : Mapped to com.vsign.backend.learning.controller.SignatureWorkflowController#submit(SubmitSignatureAttemptRequest)
2026-06-09T21:57:06.313+07:00 DEBUG 25456 --- [history-talk-backend] [           main] m.m.a.RequestResponseBodyMethodProcessor : Read "application/json;charset=UTF-8" to [SubmitSignatureAttemptRequest[userStoryId=US-LRN-003, practiceItemId=practice-hello, documentUploadI (truncated)...]
2026-06-09T21:57:06.314+07:00 DEBUG 25456 --- [history-talk-backend] [           main] org.hibernate.SQL                        : select pie1_0.practice_item_id,pie1_0.category,pie1_0.expected_gloss,pie1_0.label,pie1_0.lesson_id,pie1_0.level,pie1_0.order_index,pie1_0.is_published,pie1_0.source_video_file,pie1_0.video_url from public.practice_items pie1_0 where pie1_0.practice_item_id=? and pie1_0.is_published
Hibernate: select pie1_0.practice_item_id,pie1_0.category,pie1_0.expected_gloss,pie1_0.label,pie1_0.lesson_id,pie1_0.level,pie1_0.order_index,pie1_0.is_published,pie1_0.source_video_file,pie1_0.video_url from public.practice_items pie1_0 where pie1_0.practice_item_id=? and pie1_0.is_published
2026-06-09T21:57:06.316+07:00 DEBUG 25456 --- [history-talk-backend] [           main] org.hibernate.SQL                        : select sale1_0.attempt_id,sale1_0.ai_status,sale1_0.confidence,sale1_0.is_correct,sale1_0.created_at,sale1_0.document_upload_id,sale1_0.duration_ms,sale1_0.feedback_codes,sale1_0.frames_processed,sale1_0.hands_detected_frames,sale1_0.inference_ms,sale1_0.practice_item_id,sale1_0.predicted_gloss,sale1_0.score,sale1_0.signature_vector_hash,sale1_0.status,sale1_0.target_gloss,sale1_0.user_key,sale1_0.user_story_id from public.signature_attempt_logs sale1_0 where sale1_0.attempt_id=?
Hibernate: select sale1_0.attempt_id,sale1_0.ai_status,sale1_0.confidence,sale1_0.is_correct,sale1_0.created_at,sale1_0.document_upload_id,sale1_0.duration_ms,sale1_0.feedback_codes,sale1_0.frames_processed,sale1_0.hands_detected_frames,sale1_0.inference_ms,sale1_0.practice_item_id,sale1_0.predicted_gloss,sale1_0.score,sale1_0.signature_vector_hash,sale1_0.status,sale1_0.target_gloss,sale1_0.user_key,sale1_0.user_story_id from public.signature_attempt_logs sale1_0 where sale1_0.attempt_id=?
2026-06-09T21:57:06.317+07:00 DEBUG 25456 --- [history-talk-backend] [           main] org.hibernate.SQL                        : insert into public.signature_attempt_logs (ai_status,confidence,is_correct,created_at,document_upload_id,duration_ms,feedback_codes,frames_processed,hands_detected_frames,inference_ms,practice_item_id,predicted_gloss,score,signature_vector_hash,status,target_gloss,user_key,user_story_id,attempt_id) values (?,?,?,?,?,?,?,?,?,?,?,?,?,?,?,?,?,?,?)
Hibernate: insert into public.signature_attempt_logs (ai_status,confidence,is_correct,created_at,document_upload_id,duration_ms,feedback_codes,frames_processed,hands_detected_frames,inference_ms,practice_item_id,predicted_gloss,score,signature_vector_hash,status,target_gloss,user_key,user_story_id,attempt_id) values (?,?,?,?,?,?,?,?,?,?,?,?,?,?,?,?,?,?,?)
2026-06-09T21:57:06.318+07:00 DEBUG 25456 --- [history-talk-backend] [           main] m.m.a.RequestResponseBodyMethodProcessor : Using 'application/json', given [*/*] and supported [application/json, application/*+json]
2026-06-09T21:57:06.318+07:00 DEBUG 25456 --- [history-talk-backend] [           main] m.m.a.RequestResponseBodyMethodProcessor : Writing [SuccessResponse[success=true, message=Signature attempt submitted, data=SignatureAttemptResponse[att (truncated)...]
]]></system-out>
  </testcase>
  <testcase name="listsLearningUnitsWithCatalogMetadata" classname="com.vsign.backend.learning.LearningWorkflowIT" time="0.018">
    <system-out><![CDATA[2026-06-09T21:57:06.326+07:00 DEBUG 25456 --- [history-talk-backend] [           main] s.w.s.m.m.a.RequestMappingHandlerMapping : Mapped to com.vsign.backend.learning.controller.LearningCatalogController#listUnits(boolean, int, int)
2026-06-09T21:57:06.329+07:00 DEBUG 25456 --- [history-talk-backend] [           main] org.hibernate.SQL                        : select lue1_0.unit_id,lue1_0.description,lue1_0.order_index,lue1_0.is_published,lue1_0.thumbnail_url,lue1_0.title from public.learning_units lue1_0 where lue1_0.is_published order by lue1_0.order_index
Hibernate: select lue1_0.unit_id,lue1_0.description,lue1_0.order_index,lue1_0.is_published,lue1_0.thumbnail_url,lue1_0.title from public.learning_units lue1_0 where lue1_0.is_published order by lue1_0.order_index
2026-06-09T21:57:06.333+07:00 DEBUG 25456 --- [history-talk-backend] [           main] org.hibernate.SQL                        : select lce1_0.unit_id,count(lce1_0.chapter_id) from public.learning_chapters lce1_0 where lce1_0.is_published=true group by lce1_0.unit_id
Hibernate: select lce1_0.unit_id,count(lce1_0.chapter_id) from public.learning_chapters lce1_0 where lce1_0.is_published=true group by lce1_0.unit_id
2026-06-09T21:57:06.334+07:00 DEBUG 25456 --- [history-talk-backend] [           main] m.m.a.RequestResponseBodyMethodProcessor : Using 'application/json', given [*/*] and supported [application/json, application/*+json]
2026-06-09T21:57:06.337+07:00 DEBUG 25456 --- [history-talk-backend] [           main] m.m.a.RequestResponseBodyMethodProcessor : Writing [SuccessResponse[success=true, message=Units loaded, data=UnitListResponse[page=0, size=1, totalEleme (truncated)...]
]]></system-out>
  </testcase>
  <testcase name="preservesPracticeItemTotalPagesForOutOfRangePage" classname="com.vsign.backend.learning.LearningWorkflowIT" time="0.011">
    <system-out><![CDATA[2026-06-09T21:57:06.345+07:00 DEBUG 25456 --- [history-talk-backend] [           main] s.w.s.m.m.a.RequestMappingHandlerMapping : Mapped to com.vsign.backend.learning.controller.LearningController#listPracticeItems(String, String, int, int)
2026-06-09T21:57:06.346+07:00 DEBUG 25456 --- [history-talk-backend] [           main] org.hibernate.SQL                        : select pie1_0.practice_item_id,pie1_0.category,pie1_0.expected_gloss,pie1_0.label,pie1_0.lesson_id,pie1_0.level,pie1_0.order_index,pie1_0.is_published,pie1_0.source_video_file,pie1_0.video_url from public.practice_items pie1_0 where pie1_0.is_published order by pie1_0.order_index
Hibernate: select pie1_0.practice_item_id,pie1_0.category,pie1_0.expected_gloss,pie1_0.label,pie1_0.lesson_id,pie1_0.level,pie1_0.order_index,pie1_0.is_published,pie1_0.source_video_file,pie1_0.video_url from public.practice_items pie1_0 where pie1_0.is_published order by pie1_0.order_index
2026-06-09T21:57:06.351+07:00 DEBUG 25456 --- [history-talk-backend] [           main] m.m.a.RequestResponseBodyMethodProcessor : Using 'application/json', given [*/*] and supported [application/json, application/*+json]
2026-06-09T21:57:06.352+07:00 DEBUG 25456 --- [history-talk-backend] [           main] m.m.a.RequestResponseBodyMethodProcessor : Writing [SuccessResponse[success=true, message=Practice items loaded, data=PracticeItemsPageResponse[page=5,  (truncated)...]
]]></system-out>
  </testcase>
  <testcase name="blocksPremiumLessonDetailWithoutLeakingVideo" classname="com.vsign.backend.learning.LearningWorkflowIT" time="0.008">
    <system-out><![CDATA[2026-06-09T21:57:06.356+07:00 DEBUG 25456 --- [history-talk-backend] [           main] s.w.s.m.m.a.RequestMappingHandlerMapping : Mapped to com.vsign.backend.learning.controller.LearningCatalogController#getLesson(String)
2026-06-09T21:57:06.359+07:00 DEBUG 25456 --- [history-talk-backend] [           main] org.hibernate.SQL                        : select lle1_0.lesson_id,lle1_0.chapter_id,lle1_0.description,lle1_0.duration_seconds,lle1_0.order_index,lle1_0.is_premium,lle1_0.is_published,lle1_0.title,lle1_0.video_url from public.learning_lessons lle1_0 where lle1_0.lesson_id=? and lle1_0.is_published
Hibernate: select lle1_0.lesson_id,lle1_0.chapter_id,lle1_0.description,lle1_0.duration_seconds,lle1_0.order_index,lle1_0.is_premium,lle1_0.is_published,lle1_0.title,lle1_0.video_url from public.learning_lessons lle1_0 where lle1_0.lesson_id=? and lle1_0.is_published
2026-06-09T21:57:06.360+07:00 DEBUG 25456 --- [history-talk-backend] [           main] org.hibernate.SQL                        : select lce1_0.chapter_id,lce1_0.description,lce1_0.order_index,lce1_0.is_premium,lce1_0.is_published,lce1_0.title,lce1_0.unit_id from public.learning_chapters lce1_0 where lce1_0.chapter_id=?
Hibernate: select lce1_0.chapter_id,lce1_0.description,lce1_0.order_index,lce1_0.is_premium,lce1_0.is_published,lce1_0.title,lce1_0.unit_id from public.learning_chapters lce1_0 where lce1_0.chapter_id=?
2026-06-09T21:57:06.361+07:00 DEBUG 25456 --- [history-talk-backend] [           main] .m.m.a.ExceptionHandlerExceptionResolver : Using @ExceptionHandler com.vsign.backend.common.exception.ApiExceptionHandler#handleBusiness(BusinessException)
2026-06-09T21:57:06.361+07:00 DEBUG 25456 --- [history-talk-backend] [           main] o.s.w.s.m.m.a.HttpEntityMethodProcessor  : Using 'application/json', given [*/*] and supported [application/json, application/*+json]
2026-06-09T21:57:06.361+07:00 DEBUG 25456 --- [history-talk-backend] [           main] o.s.w.s.m.m.a.HttpEntityMethodProcessor  : Writing [ApiErrorResponse[success=false, status=403, code=PREMIUM_REQUIRED, message=Premium account required, (truncated)...]
2026-06-09T21:57:06.361+07:00 DEBUG 25456 --- [history-talk-backend] [           main] .m.m.a.ExceptionHandlerExceptionResolver : Resolved [com.vsign.backend.common.exception.BusinessException: Premium account required]
]]></system-out>
  </testcase>
</testsuite>